<?xml version="1.0" encoding="UTF-8"?>
<!-- Generated by org.testng.reporters.JUnitXMLReporter -->
<testsuite ignored="10" hostname="SSSLT24" failures="1" tests="1" name=" CGI Parallel test(failed)(failed)(failed)(failed)(failed)(failed)" time="59.334" errors="0" timestamp="2023-04-19T18:58:22 IST">
  <testcase classname="org.test.CustomerSetup" name="TC07" time="45.497">
    <failure type="org.openqa.selenium.ElementClickInterceptedException" message="element click intercepted: Element &amp;lt;a onclick=&amp;quot;fnProcesspartssave();&amp;quot; id=&amp;quot;ContentPlaceHolder1_btnlnkSave&amp;quot; tabindex=&amp;quot;5&amp;quot; title=&amp;quot;Click here to Upload&amp;quot; class=&amp;quot;btn btn-primary btn-sm&amp;quot; href=&amp;quot;javascript:__doPostBack(&amp;apos;ctl00$ContentPlaceHolder1$btnlnkSave&amp;apos;,&amp;apos;&amp;apos;)&amp;quot;&amp;gt;...&amp;lt;/a&amp;gt; is not clickable at point (781, 332). Other element would receive the click: &amp;lt;input type=&amp;quot;file&amp;quot; name=&amp;quot;ctl00$ContentPlaceHolder1$FUAttQuo&amp;quot; id=&amp;quot;ContentPlaceHolder1_FUAttQuo&amp;quot; tabindex=&amp;quot;3&amp;quot; title=&amp;quot;Drop files here or click to upload.&amp;quot; class=&amp;quot;display d-lg-block&amp;quot; accept=&amp;quot;.csv,.xls,.xlsx&amp;quot; onchange=&amp;quot;FileDetailsTaskCard()&amp;quot; style=&amp;quot;width: 100%; height:100px;cursor:pointer&amp;quot;&amp;gt;
  (Session info: chrome=112.0.5615.121)
Build info: version: &amp;apos;3.141.59&amp;apos;, revision: &amp;apos;e82be7d358&amp;apos;, time: &amp;apos;2018-11-14T08:25:53&amp;apos;
System info: host: &amp;apos;SSSLT24&amp;apos;, ip: &amp;apos;192.168.1.92&amp;apos;, os.name: &amp;apos;Windows 11&amp;apos;, os.arch: &amp;apos;amd64&amp;apos;, os.version: &amp;apos;10.0&amp;apos;, java.version: &amp;apos;19.0.2&amp;apos;
Driver info: org.openqa.selenium.chrome.ChromeDriver
Capabilities {acceptInsecureCerts: false, browserName: chrome, browserVersion: 112.0.5615.121, chrome: {chromedriverVersion: 112.0.5615.49 (bd2a7bcb881c..., userDataDir: C:\Program Files (x86)\scop...}, goog:chromeOptions: {debuggerAddress: localhost:56437}, javascriptEnabled: true, networkConnectionEnabled: false, pageLoadStrategy: normal, platform: WINDOWS, platformName: WINDOWS, proxy: Proxy(), setWindowRect: true, strictFileInteractability: false, timeouts: {implicit: 0, pageLoad: 300000, script: 30000}, unhandledPromptBehavior: dismiss and notify, webauthn:extension:credBlob: true, webauthn:extension:largeBlob: true, webauthn:extension:minPinLength: true, webauthn:extension:prf: true, webauthn:virtualAuthenticators: true}
Session ID: 25e9a1b9e3f20146ed9ab15a5036388e">
      <![CDATA[org.openqa.selenium.ElementClickInterceptedException: element click intercepted: Element <a onclick="fnProcesspartssave();" id="ContentPlaceHolder1_btnlnkSave" tabindex="5" title="Click here to Upload" class="btn btn-primary btn-sm" href="javascript:__doPostBack('ctl00$ContentPlaceHolder1$btnlnkSave','')">...</a> is not clickable at point (781, 332). Other element would receive the click: <input type="file" name="ctl00$ContentPlaceHolder1$FUAttQuo" id="ContentPlaceHolder1_FUAttQuo" tabindex="3" title="Drop files here or click to upload." class="display d-lg-block" accept=".csv,.xls,.xlsx" onchange="FileDetailsTaskCard()" style="width: 100%; height:100px;cursor:pointer">
  (Session info: chrome=112.0.5615.121)
Build info: version: '3.141.59', revision: 'e82be7d358', time: '2018-11-14T08:25:53'
System info: host: 'SSSLT24', ip: '192.168.1.92', os.name: 'Windows 11', os.arch: 'amd64', os.version: '10.0', java.version: '19.0.2'
Driver info: org.openqa.selenium.chrome.ChromeDriver
Capabilities {acceptInsecureCerts: false, browserName: chrome, browserVersion: 112.0.5615.121, chrome: {chromedriverVersion: 112.0.5615.49 (bd2a7bcb881c..., userDataDir: C:\Program Files (x86)\scop...}, goog:chromeOptions: {debuggerAddress: localhost:56437}, javascriptEnabled: true, networkConnectionEnabled: false, pageLoadStrategy: normal, platform: WINDOWS, platformName: WINDOWS, proxy: Proxy(), setWindowRect: true, strictFileInteractability: false, timeouts: {implicit: 0, pageLoad: 300000, script: 30000}, unhandledPromptBehavior: dismiss and notify, webauthn:extension:credBlob: true, webauthn:extension:largeBlob: true, webauthn:extension:minPinLength: true, webauthn:extension:prf: true, webauthn:virtualAuthenticators: true}
Session ID: 25e9a1b9e3f20146ed9ab15a5036388e
at org.openqa.selenium.remote.http.W3CHttpResponseCodec.createException(W3CHttpResponseCodec.java:187)
at org.openqa.selenium.remote.http.W3CHttpResponseCodec.decode(W3CHttpResponseCodec.java:122)
at org.openqa.selenium.remote.http.W3CHttpResponseCodec.decode(W3CHttpResponseCodec.java:49)
at org.openqa.selenium.remote.HttpCommandExecutor.execute(HttpCommandExecutor.java:158)
at org.openqa.selenium.remote.service.DriverCommandExecutor.execute(DriverCommandExecutor.java:83)
at org.openqa.selenium.remote.RemoteWebDriver.execute(RemoteWebDriver.java:552)
at org.openqa.selenium.remote.RemoteWebElement.execute(RemoteWebElement.java:285)
at org.openqa.selenium.remote.RemoteWebElement.click(RemoteWebElement.java:84)
at org.openqa.selenium.support.pagefactory.internal.LocatingElementHandler.invoke(LocatingElementHandler.java:51)
at jdk.proxy2/jdk.proxy2.$Proxy11.click(Unknown Source)
at org.action.CustomerActions.cs07(CustomerActions.java:69)
at org.test.CustomerSetup.TC07(CustomerSetup.java:72)
at java.base/java.util.ArrayList.forEach(ArrayList.java:1511)
... Removed 30 stack frames]]>
    </failure>
  </testcase> <!-- TC07 -->
  <testcase classname="org.test.CustomerSetup" name="TC04" time="0.0">
    <ignored/>
  </testcase> <!-- TC04 -->
  <testcase classname="org.test.CustomerSetup" name="TC01" time="0.0">
    <ignored/>
  </testcase> <!-- TC01 -->
  <testcase classname="org.test.CustomerSetup" name="TC03" time="0.0">
    <ignored/>
  </testcase> <!-- TC03 -->
  <testcase classname="org.test.CustomerSetup" name="TC08" time="0.0">
    <ignored/>
  </testcase> <!-- TC08 -->
  <testcase classname="org.test.CustomerSetup" name="TC05" time="0.0">
    <ignored/>
  </testcase> <!-- TC05 -->
  <testcase classname="org.test.CustomerSetup" name="TC02" time="0.0">
    <ignored/>
  </testcase> <!-- TC02 -->
  <testcase classname="org.test.CustomerSetup" name="TC09" time="0.0">
    <ignored/>
  </testcase> <!-- TC09 -->
  <testcase classname="org.test.CustomerSetup" name="TC06" time="0.0">
    <ignored/>
  </testcase> <!-- TC06 -->
  <testcase classname="org.test.CustomerSetup" name="TC11" time="0.0">
    <ignored/>
  </testcase> <!-- TC11 -->
  <testcase classname="org.test.CustomerSetup" name="TC10" time="0.0">
    <ignored/>
  </testcase> <!-- TC10 -->
</testsuite> <!--  CGI Parallel test(failed)(failed)(failed)(failed)(failed)(failed) -->
