<html>
<head>
<title>TestNG:   CGI Parallel test</title>
<link href="../testng.css" rel="stylesheet" type="text/css" />
<link href="../my-testng.css" rel="stylesheet" type="text/css" />

<style type="text/css">
.log { display: none;} 
.stack-trace { display: none;} 
</style>
<script type="text/javascript">
<!--
function flip(e) {
  current = e.style.display;
  if (current == 'block') {
    e.style.display = 'none';
    return 0;
  }
  else {
    e.style.display = 'block';
    return 1;
  }
}

function toggleBox(szDivId, elem, msg1, msg2)
{
  var res = -1;  if (document.getElementById) {
    res = flip(document.getElementById(szDivId));
  }
  else if (document.all) {
    // this is the way old msie versions work
    res = flip(document.all[szDivId]);
  }
  if(elem) {
    if(res == 0) elem.innerHTML = msg1; else elem.innerHTML = msg2;
  }

}

function toggleAllBoxes() {
  if (document.getElementsByTagName) {
    d = document.getElementsByTagName('div');
    for (i = 0; i < d.length; i++) {
      if (d[i].className == 'log') {
        flip(d[i]);
      }
    }
  }
}

// -->
</script>

</head>
<body>
<h2 align='center'> CGI Parallel test</h2><table border='1' align="center">
<tr>
<td>Tests passed/Failed/Skipped:</td><td>142/2/0</td>
</tr><tr>
<td>Started on:</td><td>Thu Apr 20 12:38:51 IST 2023</td>
</tr>
<tr><td>Total time:</td><td>2870 seconds (2870458 ms)</td>
</tr><tr>
<td>Included groups:</td><td></td>
</tr><tr>
<td>Excluded groups:</td><td></td>
</tr>
</table><p/>
<small><i>(Hover the method name to see the test class name)</i></small><p/>
<table width='100%' border='1' class='invocation-failed'>
<tr><td colspan='4' align='center'><b>FAILED TESTS</b></td></tr>
<tr><td><b>Test method</b></td>
<td width="30%"><b>Exception</b></td>
<td width="10%"><b>Time (seconds)</b></td>
<td><b>Instance</b></td>
</tr>
<tr>
<td title='org.test.CustomerListSetup.TC48()'><b>TC48</b><br>Test class: org.test.CustomerListSetup</td>
<td><div><pre>org.openqa.selenium.NoSuchElementException: no such element: Unable to locate element: {&quot;method&quot;:&quot;xpath&quot;,&quot;selector&quot;:&quot;//input[@id=&quot;ContentPlaceHolder1_chkRobot&quot;]
&quot;}
  (Session info: chrome=112.0.5615.137)
For documentation on this error, please visit: https://www.seleniumhq.org/exceptions/no_such_element.html
Build info: version: &apos;3.141.59&apos;, revision: &apos;e82be7d358&apos;, time: &apos;2018-11-14T08:25:53&apos;
System info: host: &apos;SSSLT24&apos;, ip: &apos;192.168.1.92&apos;, os.name: &apos;Windows 11&apos;, os.arch: &apos;amd64&apos;, os.version: &apos;10.0&apos;, java.version: &apos;19.0.2&apos;
Driver info: org.openqa.selenium.chrome.ChromeDriver
Capabilities {acceptInsecureCerts: false, browserName: chrome, browserVersion: 112.0.5615.137, chrome: {chromedriverVersion: 112.0.5615.49 (bd2a7bcb881c..., userDataDir: C:\Program Files (x86)\scop...}, goog:chromeOptions: {debuggerAddress: localhost:58258}, javascriptEnabled: true, networkConnectionEnabled: false, pageLoadStrategy: normal, platform: WINDOWS, platformName: WINDOWS, proxy: Proxy(), setWindowRect: true, strictFileInteractability: false, timeouts: {implicit: 0, pageLoad: 300000, script: 30000}, unhandledPromptBehavior: dismiss and notify, webauthn:extension:credBlob: true, webauthn:extension:largeBlob: true, webauthn:extension:minPinLength: true, webauthn:extension:prf: true, webauthn:virtualAuthenticators: true}
Session ID: d472e1576b941728a557ab674e971f58
*** Element info: {Using=xpath, value=//input[@id=&quot;ContentPlaceHolder1_chkRobot&quot;]
}
	at java.base/jdk.internal.reflect.DirectConstructorHandleAccessor.newInstance(DirectConstructorHandleAccessor.java:67)
	at java.base/java.lang.reflect.Constructor.newInstanceWithCaller(Constructor.java:500)
	at java.base/java.lang.reflect.Constructor.newInstance(Constructor.java:484)
	at org.openqa.selenium.remote.http.W3CHttpResponseCodec.createException(W3CHttpResponseCodec.java:187)
	at org.openqa.selenium.remote.http.W3CHttpResponseCodec.decode(W3CHttpResponseCodec.java:122)
	at org.openqa.selenium.remote.http.W3CHttpResponseCodec.decode(W3CHttpResponseCodec.java:49)
	at org.openqa.selenium.remote.HttpCommandExecutor.execute(HttpCommandExecutor.java:158)
	at org.openqa.selenium.remote.service.DriverCommandExecutor.execute(DriverCommandExecutor.java:83)
	at org.openqa.selenium.remote.RemoteWebDriver.execute(RemoteWebDriver.java:552)
	at org.openqa.selenium.remote.RemoteWebDriver.findElement(RemoteWebDriver.java:323)
	at org.openqa.selenium.remote.RemoteWebDriver.findElementByXPath(RemoteWebDriver.java:428)
	at org.openqa.selenium.By$ByXPath.findElement(By.java:353)
	at org.openqa.selenium.remote.RemoteWebDriver.findElement(RemoteWebDriver.java:315)
	at org.openqa.selenium.support.pagefactory.DefaultElementLocator.findElement(DefaultElementLocator.java:69)
	at org.openqa.selenium.support.pagefactory.internal.LocatingElementHandler.invoke(LocatingElementHandler.java:38)
	at jdk.proxy2/jdk.proxy2.$Proxy12.click(Unknown Source)
	at org.action.CustomerListActions.cs48(CustomerListActions.java:756)
	at org.test.CustomerListSetup.TC48(CustomerListSetup.java:440)
	at java.base/jdk.internal.reflect.DirectMethodHandleAccessor.invoke(DirectMethodHandleAccessor.java:104)
	at java.base/java.lang.reflect.Method.invoke(Method.java:578)
	at org.testng.internal.MethodInvocationHelper.invokeMethod(MethodInvocationHelper.java:133)
	at org.testng.internal.TestInvoker.invokeMethod(TestInvoker.java:598)
	at org.testng.internal.TestInvoker.invokeTestMethod(TestInvoker.java:173)
	at org.testng.internal.MethodRunner.runInSequence(MethodRunner.java:46)
	at org.testng.internal.TestInvoker$MethodInvocationAgent.invoke(TestInvoker.java:824)
	at org.testng.internal.TestInvoker.invokeTestMethods(TestInvoker.java:146)
	at org.testng.internal.TestMethodWorker.invokeTestMethods(TestMethodWorker.java:146)
	at org.testng.internal.TestMethodWorker.run(TestMethodWorker.java:128)
	at java.base/java.util.ArrayList.forEach(ArrayList.java:1511)
	at org.testng.TestRunner.privateRun(TestRunner.java:794)
	at org.testng.TestRunner.run(TestRunner.java:596)
	at org.testng.SuiteRunner.runTest(SuiteRunner.java:377)
	at org.testng.SuiteRunner.runSequentially(SuiteRunner.java:371)
	at org.testng.SuiteRunner.privateRun(SuiteRunner.java:332)
	at org.testng.SuiteRunner.run(SuiteRunner.java:276)
	at org.testng.SuiteRunnerWorker.runSuite(SuiteRunnerWorker.java:53)
	at org.testng.SuiteRunnerWorker.run(SuiteRunnerWorker.java:96)
	at org.testng.TestNG.runSuitesSequentially(TestNG.java:1212)
	at org.testng.TestNG.runSuitesLocally(TestNG.java:1134)
	at org.testng.TestNG.runSuites(TestNG.java:1063)
	at org.testng.TestNG.run(TestNG.java:1031)
	at org.testng.remote.AbstractRemoteTestNG.run(AbstractRemoteTestNG.java:115)
	at org.testng.remote.RemoteTestNG.initAndRun(RemoteTestNG.java:251)
	at org.testng.remote.RemoteTestNG.main(RemoteTestNG.java:77)
</pre></div><a href='#' onClick='toggleBox("stack-trace685005872", this, "Click to show all stack frames", "Click to hide stack frames")'>Click to show all stack frames</a>
<div class='stack-trace' id='stack-trace685005872'><pre>org.openqa.selenium.NoSuchElementException: no such element: Unable to locate element: {&quot;method&quot;:&quot;xpath&quot;,&quot;selector&quot;:&quot;//input[@id=&quot;ContentPlaceHolder1_chkRobot&quot;]
&quot;}
  (Session info: chrome=112.0.5615.137)
For documentation on this error, please visit: https://www.seleniumhq.org/exceptions/no_such_element.html
Build info: version: &apos;3.141.59&apos;, revision: &apos;e82be7d358&apos;, time: &apos;2018-11-14T08:25:53&apos;
System info: host: &apos;SSSLT24&apos;, ip: &apos;192.168.1.92&apos;, os.name: &apos;Windows 11&apos;, os.arch: &apos;amd64&apos;, os.version: &apos;10.0&apos;, java.version: &apos;19.0.2&apos;
Driver info: org.openqa.selenium.chrome.ChromeDriver
Capabilities {acceptInsecureCerts: false, browserName: chrome, browserVersion: 112.0.5615.137, chrome: {chromedriverVersion: 112.0.5615.49 (bd2a7bcb881c..., userDataDir: C:\Program Files (x86)\scop...}, goog:chromeOptions: {debuggerAddress: localhost:58258}, javascriptEnabled: true, networkConnectionEnabled: false, pageLoadStrategy: normal, platform: WINDOWS, platformName: WINDOWS, proxy: Proxy(), setWindowRect: true, strictFileInteractability: false, timeouts: {implicit: 0, pageLoad: 300000, script: 30000}, unhandledPromptBehavior: dismiss and notify, webauthn:extension:credBlob: true, webauthn:extension:largeBlob: true, webauthn:extension:minPinLength: true, webauthn:extension:prf: true, webauthn:virtualAuthenticators: true}
Session ID: d472e1576b941728a557ab674e971f58
*** Element info: {Using=xpath, value=//input[@id=&quot;ContentPlaceHolder1_chkRobot&quot;]
}
	at java.base/jdk.internal.reflect.DirectConstructorHandleAccessor.newInstance(DirectConstructorHandleAccessor.java:67)
	at java.base/java.lang.reflect.Constructor.newInstanceWithCaller(Constructor.java:500)
	at java.base/java.lang.reflect.Constructor.newInstance(Constructor.java:484)
	at org.openqa.selenium.remote.http.W3CHttpResponseCodec.createException(W3CHttpResponseCodec.java:187)
	at org.openqa.selenium.remote.http.W3CHttpResponseCodec.decode(W3CHttpResponseCodec.java:122)
	at org.openqa.selenium.remote.http.W3CHttpResponseCodec.decode(W3CHttpResponseCodec.java:49)
	at org.openqa.selenium.remote.HttpCommandExecutor.execute(HttpCommandExecutor.java:158)
	at org.openqa.selenium.remote.service.DriverCommandExecutor.execute(DriverCommandExecutor.java:83)
	at org.openqa.selenium.remote.RemoteWebDriver.execute(RemoteWebDriver.java:552)
	at org.openqa.selenium.remote.RemoteWebDriver.findElement(RemoteWebDriver.java:323)
	at org.openqa.selenium.remote.RemoteWebDriver.findElementByXPath(RemoteWebDriver.java:428)
	at org.openqa.selenium.By$ByXPath.findElement(By.java:353)
	at org.openqa.selenium.remote.RemoteWebDriver.findElement(RemoteWebDriver.java:315)
	at org.openqa.selenium.support.pagefactory.DefaultElementLocator.findElement(DefaultElementLocator.java:69)
	at org.openqa.selenium.support.pagefactory.internal.LocatingElementHandler.invoke(LocatingElementHandler.java:38)
	at jdk.proxy2/jdk.proxy2.$Proxy12.click(Unknown Source)
	at org.action.CustomerListActions.cs48(CustomerListActions.java:756)
	at org.test.CustomerListSetup.TC48(CustomerListSetup.java:440)
	at java.base/jdk.internal.reflect.DirectMethodHandleAccessor.invoke(DirectMethodHandleAccessor.java:104)
	at java.base/java.lang.reflect.Method.invoke(Method.java:578)
	at org.testng.internal.MethodInvocationHelper.invokeMethod(MethodInvocationHelper.java:133)
	at org.testng.internal.TestInvoker.invokeMethod(TestInvoker.java:598)
	at org.testng.internal.TestInvoker.invokeTestMethod(TestInvoker.java:173)
	at org.testng.internal.MethodRunner.runInSequence(MethodRunner.java:46)
	at org.testng.internal.TestInvoker$MethodInvocationAgent.invoke(TestInvoker.java:824)
	at org.testng.internal.TestInvoker.invokeTestMethods(TestInvoker.java:146)
	at org.testng.internal.TestMethodWorker.invokeTestMethods(TestMethodWorker.java:146)
	at org.testng.internal.TestMethodWorker.run(TestMethodWorker.java:128)
	at java.base/java.util.ArrayList.forEach(ArrayList.java:1511)
	at org.testng.TestRunner.privateRun(TestRunner.java:794)
	at org.testng.TestRunner.run(TestRunner.java:596)
	at org.testng.SuiteRunner.runTest(SuiteRunner.java:377)
	at org.testng.SuiteRunner.runSequentially(SuiteRunner.java:371)
	at org.testng.SuiteRunner.privateRun(SuiteRunner.java:332)
	at org.testng.SuiteRunner.run(SuiteRunner.java:276)
	at org.testng.SuiteRunnerWorker.runSuite(SuiteRunnerWorker.java:53)
	at org.testng.SuiteRunnerWorker.run(SuiteRunnerWorker.java:96)
	at org.testng.TestNG.runSuitesSequentially(TestNG.java:1212)
	at org.testng.TestNG.runSuitesLocally(TestNG.java:1134)
	at org.testng.TestNG.runSuites(TestNG.java:1063)
	at org.testng.TestNG.run(TestNG.java:1031)
	at org.testng.remote.AbstractRemoteTestNG.run(AbstractRemoteTestNG.java:115)
	at org.testng.remote.RemoteTestNG.initAndRun(RemoteTestNG.java:251)
	at org.testng.remote.RemoteTestNG.main(RemoteTestNG.java:77)
</pre></div></td>
<td>63</td>
<td>org.test.CustomerListSetup@6b81ce95</td></tr>
<tr>
<td title='org.test.CustomerListSetup.TC42()'><b>TC42</b><br>Test class: org.test.CustomerListSetup</td>
<td><div><pre>org.openqa.selenium.ElementNotInteractableException: element not interactable
  (Session info: chrome=112.0.5615.137)
Build info: version: &apos;3.141.59&apos;, revision: &apos;e82be7d358&apos;, time: &apos;2018-11-14T08:25:53&apos;
System info: host: &apos;SSSLT24&apos;, ip: &apos;192.168.1.92&apos;, os.name: &apos;Windows 11&apos;, os.arch: &apos;amd64&apos;, os.version: &apos;10.0&apos;, java.version: &apos;19.0.2&apos;
Driver info: org.openqa.selenium.chrome.ChromeDriver
Capabilities {acceptInsecureCerts: false, browserName: chrome, browserVersion: 112.0.5615.137, chrome: {chromedriverVersion: 112.0.5615.49 (bd2a7bcb881c..., userDataDir: C:\Program Files (x86)\scop...}, goog:chromeOptions: {debuggerAddress: localhost:57984}, javascriptEnabled: true, networkConnectionEnabled: false, pageLoadStrategy: normal, platform: WINDOWS, platformName: WINDOWS, proxy: Proxy(), setWindowRect: true, strictFileInteractability: false, timeouts: {implicit: 0, pageLoad: 300000, script: 30000}, unhandledPromptBehavior: dismiss and notify, webauthn:extension:credBlob: true, webauthn:extension:largeBlob: true, webauthn:extension:minPinLength: true, webauthn:extension:prf: true, webauthn:virtualAuthenticators: true}
Session ID: 9474cb3c871e0b55ff084f0c46128e68
	at java.base/jdk.internal.reflect.DirectConstructorHandleAccessor.newInstance(DirectConstructorHandleAccessor.java:67)
	at java.base/java.lang.reflect.Constructor.newInstanceWithCaller(Constructor.java:500)
	at java.base/java.lang.reflect.Constructor.newInstance(Constructor.java:484)
	at org.openqa.selenium.remote.http.W3CHttpResponseCodec.createException(W3CHttpResponseCodec.java:187)
	at org.openqa.selenium.remote.http.W3CHttpResponseCodec.decode(W3CHttpResponseCodec.java:122)
	at org.openqa.selenium.remote.http.W3CHttpResponseCodec.decode(W3CHttpResponseCodec.java:49)
	at org.openqa.selenium.remote.HttpCommandExecutor.execute(HttpCommandExecutor.java:158)
	at org.openqa.selenium.remote.service.DriverCommandExecutor.execute(DriverCommandExecutor.java:83)
	at org.openqa.selenium.remote.RemoteWebDriver.execute(RemoteWebDriver.java:552)
	at org.openqa.selenium.remote.RemoteWebElement.execute(RemoteWebElement.java:285)
	at org.openqa.selenium.remote.RemoteWebElement.click(RemoteWebElement.java:84)
	at java.base/jdk.internal.reflect.DirectMethodHandleAccessor.invoke(DirectMethodHandleAccessor.java:104)
	at java.base/java.lang.reflect.Method.invoke(Method.java:578)
	at org.openqa.selenium.support.pagefactory.internal.LocatingElementHandler.invoke(LocatingElementHandler.java:51)
	at jdk.proxy2/jdk.proxy2.$Proxy12.click(Unknown Source)
	at org.action.CustomerListActions.cs42(CustomerListActions.java:667)
	at org.test.CustomerListSetup.TC42(CustomerListSetup.java:384)
	at java.base/jdk.internal.reflect.DirectMethodHandleAccessor.invoke(DirectMethodHandleAccessor.java:104)
	at java.base/java.lang.reflect.Method.invoke(Method.java:578)
	at org.testng.internal.MethodInvocationHelper.invokeMethod(MethodInvocationHelper.java:133)
	at org.testng.internal.TestInvoker.invokeMethod(TestInvoker.java:598)
	at org.testng.internal.TestInvoker.invokeTestMethod(TestInvoker.java:173)
	at org.testng.internal.MethodRunner.runInSequence(MethodRunner.java:46)
	at org.testng.internal.TestInvoker$MethodInvocationAgent.invoke(TestInvoker.java:824)
	at org.testng.internal.TestInvoker.invokeTestMethods(TestInvoker.java:146)
	at org.testng.internal.TestMethodWorker.invokeTestMethods(TestMethodWorker.java:146)
	at org.testng.internal.TestMethodWorker.run(TestMethodWorker.java:128)
	at java.base/java.util.ArrayList.forEach(ArrayList.java:1511)
	at org.testng.TestRunner.privateRun(TestRunner.java:794)
	at org.testng.TestRunner.run(TestRunner.java:596)
	at org.testng.SuiteRunner.runTest(SuiteRunner.java:377)
	at org.testng.SuiteRunner.runSequentially(SuiteRunner.java:371)
	at org.testng.SuiteRunner.privateRun(SuiteRunner.java:332)
	at org.testng.SuiteRunner.run(SuiteRunner.java:276)
	at org.testng.SuiteRunnerWorker.runSuite(SuiteRunnerWorker.java:53)
	at org.testng.SuiteRunnerWorker.run(SuiteRunnerWorker.java:96)
	at org.testng.TestNG.runSuitesSequentially(TestNG.java:1212)
	at org.testng.TestNG.runSuitesLocally(TestNG.java:1134)
	at org.testng.TestNG.runSuites(TestNG.java:1063)
	at org.testng.TestNG.run(TestNG.java:1031)
	at org.testng.remote.AbstractRemoteTestNG.run(AbstractRemoteTestNG.java:115)
	at org.testng.remote.RemoteTestNG.initAndRun(RemoteTestNG.java:251)
	at org.testng.remote.RemoteTestNG.main(RemoteTestNG.java:77)
</pre></div><a href='#' onClick='toggleBox("stack-trace21319608", this, "Click to show all stack frames", "Click to hide stack frames")'>Click to show all stack frames</a>
<div class='stack-trace' id='stack-trace21319608'><pre>org.openqa.selenium.ElementNotInteractableException: element not interactable
  (Session info: chrome=112.0.5615.137)
Build info: version: &apos;3.141.59&apos;, revision: &apos;e82be7d358&apos;, time: &apos;2018-11-14T08:25:53&apos;
System info: host: &apos;SSSLT24&apos;, ip: &apos;192.168.1.92&apos;, os.name: &apos;Windows 11&apos;, os.arch: &apos;amd64&apos;, os.version: &apos;10.0&apos;, java.version: &apos;19.0.2&apos;
Driver info: org.openqa.selenium.chrome.ChromeDriver
Capabilities {acceptInsecureCerts: false, browserName: chrome, browserVersion: 112.0.5615.137, chrome: {chromedriverVersion: 112.0.5615.49 (bd2a7bcb881c..., userDataDir: C:\Program Files (x86)\scop...}, goog:chromeOptions: {debuggerAddress: localhost:57984}, javascriptEnabled: true, networkConnectionEnabled: false, pageLoadStrategy: normal, platform: WINDOWS, platformName: WINDOWS, proxy: Proxy(), setWindowRect: true, strictFileInteractability: false, timeouts: {implicit: 0, pageLoad: 300000, script: 30000}, unhandledPromptBehavior: dismiss and notify, webauthn:extension:credBlob: true, webauthn:extension:largeBlob: true, webauthn:extension:minPinLength: true, webauthn:extension:prf: true, webauthn:virtualAuthenticators: true}
Session ID: 9474cb3c871e0b55ff084f0c46128e68
	at java.base/jdk.internal.reflect.DirectConstructorHandleAccessor.newInstance(DirectConstructorHandleAccessor.java:67)
	at java.base/java.lang.reflect.Constructor.newInstanceWithCaller(Constructor.java:500)
	at java.base/java.lang.reflect.Constructor.newInstance(Constructor.java:484)
	at org.openqa.selenium.remote.http.W3CHttpResponseCodec.createException(W3CHttpResponseCodec.java:187)
	at org.openqa.selenium.remote.http.W3CHttpResponseCodec.decode(W3CHttpResponseCodec.java:122)
	at org.openqa.selenium.remote.http.W3CHttpResponseCodec.decode(W3CHttpResponseCodec.java:49)
	at org.openqa.selenium.remote.HttpCommandExecutor.execute(HttpCommandExecutor.java:158)
	at org.openqa.selenium.remote.service.DriverCommandExecutor.execute(DriverCommandExecutor.java:83)
	at org.openqa.selenium.remote.RemoteWebDriver.execute(RemoteWebDriver.java:552)
	at org.openqa.selenium.remote.RemoteWebElement.execute(RemoteWebElement.java:285)
	at org.openqa.selenium.remote.RemoteWebElement.click(RemoteWebElement.java:84)
	at java.base/jdk.internal.reflect.DirectMethodHandleAccessor.invoke(DirectMethodHandleAccessor.java:104)
	at java.base/java.lang.reflect.Method.invoke(Method.java:578)
	at org.openqa.selenium.support.pagefactory.internal.LocatingElementHandler.invoke(LocatingElementHandler.java:51)
	at jdk.proxy2/jdk.proxy2.$Proxy12.click(Unknown Source)
	at org.action.CustomerListActions.cs42(CustomerListActions.java:667)
	at org.test.CustomerListSetup.TC42(CustomerListSetup.java:384)
	at java.base/jdk.internal.reflect.DirectMethodHandleAccessor.invoke(DirectMethodHandleAccessor.java:104)
	at java.base/java.lang.reflect.Method.invoke(Method.java:578)
	at org.testng.internal.MethodInvocationHelper.invokeMethod(MethodInvocationHelper.java:133)
	at org.testng.internal.TestInvoker.invokeMethod(TestInvoker.java:598)
	at org.testng.internal.TestInvoker.invokeTestMethod(TestInvoker.java:173)
	at org.testng.internal.MethodRunner.runInSequence(MethodRunner.java:46)
	at org.testng.internal.TestInvoker$MethodInvocationAgent.invoke(TestInvoker.java:824)
	at org.testng.internal.TestInvoker.invokeTestMethods(TestInvoker.java:146)
	at org.testng.internal.TestMethodWorker.invokeTestMethods(TestMethodWorker.java:146)
	at org.testng.internal.TestMethodWorker.run(TestMethodWorker.java:128)
	at java.base/java.util.ArrayList.forEach(ArrayList.java:1511)
	at org.testng.TestRunner.privateRun(TestRunner.java:794)
	at org.testng.TestRunner.run(TestRunner.java:596)
	at org.testng.SuiteRunner.runTest(SuiteRunner.java:377)
	at org.testng.SuiteRunner.runSequentially(SuiteRunner.java:371)
	at org.testng.SuiteRunner.privateRun(SuiteRunner.java:332)
	at org.testng.SuiteRunner.run(SuiteRunner.java:276)
	at org.testng.SuiteRunnerWorker.runSuite(SuiteRunnerWorker.java:53)
	at org.testng.SuiteRunnerWorker.run(SuiteRunnerWorker.java:96)
	at org.testng.TestNG.runSuitesSequentially(TestNG.java:1212)
	at org.testng.TestNG.runSuitesLocally(TestNG.java:1134)
	at org.testng.TestNG.runSuites(TestNG.java:1063)
	at org.testng.TestNG.run(TestNG.java:1031)
	at org.testng.remote.AbstractRemoteTestNG.run(AbstractRemoteTestNG.java:115)
	at org.testng.remote.RemoteTestNG.initAndRun(RemoteTestNG.java:251)
	at org.testng.remote.RemoteTestNG.main(RemoteTestNG.java:77)
</pre></div></td>
<td>67</td>
<td>org.test.CustomerListSetup@6b81ce95</td></tr>
</table><p>
<table width='100%' border='1' class='invocation-passed'>
<tr><td colspan='4' align='center'><b>PASSED TESTS</b></td></tr>
<tr><td><b>Test method</b></td>
<td width="30%"><b>Exception</b></td>
<td width="10%"><b>Time (seconds)</b></td>
<td><b>Instance</b></td>
</tr>
<tr>
<td title='org.test.CustomerListSetup.TC05()'><b>TC05</b><br>Test class: org.test.CustomerListSetup</td>
<td></td>
<td>11</td>
<td>org.test.CustomerListSetup@6b81ce95</td></tr>
<tr>
<td title='org.test.CustomerListSetup.TC31()'><b>TC31</b><br>Test class: org.test.CustomerListSetup</td>
<td></td>
<td>18</td>
<td>org.test.CustomerListSetup@6b81ce95</td></tr>
<tr>
<td title='org.test.InstallerSetup.TC20()'><b>TC20</b><br>Test class: org.test.InstallerSetup</td>
<td></td>
<td>9</td>
<td>org.test.InstallerSetup@6572421</td></tr>
<tr>
<td title='org.test.InstallerSetup.TC24()'><b>TC24</b><br>Test class: org.test.InstallerSetup</td>
<td></td>
<td>13</td>
<td>org.test.InstallerSetup@6572421</td></tr>
<tr>
<td title='org.test.InstallerSetup.TC16()'><b>TC16</b><br>Test class: org.test.InstallerSetup</td>
<td></td>
<td>11</td>
<td>org.test.InstallerSetup@6572421</td></tr>
<tr>
<td title='org.test.CustomerListSetup.TC07()'><b>TC07</b><br>Test class: org.test.CustomerListSetup</td>
<td></td>
<td>13</td>
<td>org.test.CustomerListSetup@6b81ce95</td></tr>
<tr>
<td title='org.test.CustomerSetup.TC02()'><b>TC02</b><br>Test class: org.test.CustomerSetup</td>
<td></td>
<td>9</td>
<td>org.test.CustomerSetup@2a798d51</td></tr>
<tr>
<td title='org.test.BankSetup.TC31()'><b>TC31</b><br>Test class: org.test.BankSetup</td>
<td></td>
<td>10</td>
<td>org.test.BankSetup@7334aada</td></tr>
<tr>
<td title='org.test.CustomerListSetup.TC35()'><b>TC35</b><br>Test class: org.test.CustomerListSetup</td>
<td></td>
<td>17</td>
<td>org.test.CustomerListSetup@6b81ce95</td></tr>
<tr>
<td title='org.test.InstallerSetup.TC30()'><b>TC30</b><br>Test class: org.test.InstallerSetup</td>
<td></td>
<td>10</td>
<td>org.test.InstallerSetup@6572421</td></tr>
<tr>
<td title='org.test.BankSetup.TC02()'><b>TC02</b><br>Test class: org.test.BankSetup</td>
<td></td>
<td>12</td>
<td>org.test.BankSetup@7334aada</td></tr>
<tr>
<td title='org.test.CustomerListSetup.TC44()'><b>TC44</b><br>Test class: org.test.CustomerListSetup</td>
<td></td>
<td>17</td>
<td>org.test.CustomerListSetup@6b81ce95</td></tr>
<tr>
<td title='org.test.BankSetup.TC21()'><b>TC21</b><br>Test class: org.test.BankSetup</td>
<td></td>
<td>12</td>
<td>org.test.BankSetup@7334aada</td></tr>
<tr>
<td title='org.test.InstallerSetup.TC27()'><b>TC27</b><br>Test class: org.test.InstallerSetup</td>
<td></td>
<td>10</td>
<td>org.test.InstallerSetup@6572421</td></tr>
<tr>
<td title='org.test.CustomerListSetup.TC20()'><b>TC20</b><br>Test class: org.test.CustomerListSetup</td>
<td></td>
<td>20</td>
<td>org.test.CustomerListSetup@6b81ce95</td></tr>
<tr>
<td title='org.test.CustomerListSetup.TC33()'><b>TC33</b><br>Test class: org.test.CustomerListSetup</td>
<td></td>
<td>17</td>
<td>org.test.CustomerListSetup@6b81ce95</td></tr>
<tr>
<td title='org.test.CustomerListSetup.TC32()'><b>TC32</b><br>Test class: org.test.CustomerListSetup</td>
<td></td>
<td>16</td>
<td>org.test.CustomerListSetup@6b81ce95</td></tr>
<tr>
<td title='org.test.CustomerListSetup.TC19()'><b>TC19</b><br>Test class: org.test.CustomerListSetup</td>
<td></td>
<td>14</td>
<td>org.test.CustomerListSetup@6b81ce95</td></tr>
<tr>
<td title='org.test.Entry.TC9()'><b>TC9</b><br>Test class: org.test.Entry<br>Test method: Check 2FA  Disable Acount User</td>
<td></td>
<td>7</td>
<td>org.test.Entry@6d763516</td></tr>
<tr>
<td title='org.test.InstallerSetup.TC13()'><b>TC13</b><br>Test class: org.test.InstallerSetup</td>
<td></td>
<td>15</td>
<td>org.test.InstallerSetup@6572421</td></tr>
<tr>
<td title='org.test.CustomerSetup.TC10()'><b>TC10</b><br>Test class: org.test.CustomerSetup</td>
<td></td>
<td>10</td>
<td>org.test.CustomerSetup@2a798d51</td></tr>
<tr>
<td title='org.test.InstallerSetup.TC04()'><b>TC04</b><br>Test class: org.test.InstallerSetup</td>
<td></td>
<td>20</td>
<td>org.test.InstallerSetup@6572421</td></tr>
<tr>
<td title='org.test.InstallerSetup.TC28()'><b>TC28</b><br>Test class: org.test.InstallerSetup</td>
<td></td>
<td>11</td>
<td>org.test.InstallerSetup@6572421</td></tr>
<tr>
<td title='org.test.BankSetup.TC08()'><b>TC08</b><br>Test class: org.test.BankSetup</td>
<td></td>
<td>14</td>
<td>org.test.BankSetup@7334aada</td></tr>
<tr>
<td title='org.test.InstallerSetup.TC15()'><b>TC15</b><br>Test class: org.test.InstallerSetup</td>
<td></td>
<td>12</td>
<td>org.test.InstallerSetup@6572421</td></tr>
<tr>
<td title='org.test.BankSetup.TC06()'><b>TC06</b><br>Test class: org.test.BankSetup</td>
<td></td>
<td>11</td>
<td>org.test.BankSetup@7334aada</td></tr>
<tr>
<td title='org.test.InstallerSetup.TC10()'><b>TC10</b><br>Test class: org.test.InstallerSetup</td>
<td></td>
<td>15</td>
<td>org.test.InstallerSetup@6572421</td></tr>
<tr>
<td title='org.test.BankSetup.TC22()'><b>TC22</b><br>Test class: org.test.BankSetup</td>
<td></td>
<td>9</td>
<td>org.test.BankSetup@7334aada</td></tr>
<tr>
<td title='org.test.Entry.TC8()'><b>TC8</b><br>Test class: org.test.Entry<br>Test method: Check 2FA Enable Acount User</td>
<td></td>
<td>7</td>
<td>org.test.Entry@6d763516</td></tr>
<tr>
<td title='org.test.InstallerSetup.TC26()'><b>TC26</b><br>Test class: org.test.InstallerSetup</td>
<td></td>
<td>10</td>
<td>org.test.InstallerSetup@6572421</td></tr>
<tr>
<td title='org.test.BankSetup.TC20()'><b>TC20</b><br>Test class: org.test.BankSetup</td>
<td></td>
<td>12</td>
<td>org.test.BankSetup@7334aada</td></tr>
<tr>
<td title='org.test.CustomerSetup.TC08()'><b>TC08</b><br>Test class: org.test.CustomerSetup</td>
<td></td>
<td>10</td>
<td>org.test.CustomerSetup@2a798d51</td></tr>
<tr>
<td title='org.test.InstallerSetup.TC11()'><b>TC11</b><br>Test class: org.test.InstallerSetup</td>
<td></td>
<td>15</td>
<td>org.test.InstallerSetup@6572421</td></tr>
<tr>
<td title='org.test.InstallerSetup.TC14()'><b>TC14</b><br>Test class: org.test.InstallerSetup</td>
<td></td>
<td>12</td>
<td>org.test.InstallerSetup@6572421</td></tr>
<tr>
<td title='org.test.CustomerListSetup.TC53()'><b>TC53</b><br>Test class: org.test.CustomerListSetup</td>
<td></td>
<td>13</td>
<td>org.test.CustomerListSetup@6b81ce95</td></tr>
<tr>
<td title='org.test.Entry.TC4()'><b>TC4</b><br>Test class: org.test.Entry<br>Test method: Check with InValid Email Id  & ValidPassword</td>
<td></td>
<td>0</td>
<td>org.test.Entry@6d763516</td></tr>
<tr>
<td title='org.test.CustomerSetup.TC01()'><b>TC01</b><br>Test class: org.test.CustomerSetup</td>
<td></td>
<td>11</td>
<td>org.test.CustomerSetup@2a798d51</td></tr>
<tr>
<td title='org.test.Entry.TC6()'><b>TC6</b><br>Test class: org.test.Entry<br>Test method: Check with Valid Email Id  & InValid Password Repeated 6times</td>
<td></td>
<td>0</td>
<td>org.test.Entry@6d763516</td></tr>
<tr>
<td title='org.test.BankSetup.TC16()'><b>TC16</b><br>Test class: org.test.BankSetup</td>
<td></td>
<td>10</td>
<td>org.test.BankSetup@7334aada</td></tr>
<tr>
<td title='org.test.InstallerSetup.TC29()'><b>TC29</b><br>Test class: org.test.InstallerSetup</td>
<td></td>
<td>11</td>
<td>org.test.InstallerSetup@6572421</td></tr>
<tr>
<td title='org.test.InstallerSetup.TC32()'><b>TC32</b><br>Test class: org.test.InstallerSetup</td>
<td></td>
<td>9</td>
<td>org.test.InstallerSetup@6572421</td></tr>
<tr>
<td title='org.test.CustomerListSetup.TC10()'><b>TC10</b><br>Test class: org.test.CustomerListSetup</td>
<td></td>
<td>15</td>
<td>org.test.CustomerListSetup@6b81ce95</td></tr>
<tr>
<td title='org.test.BankSetup.TC10()'><b>TC10</b><br>Test class: org.test.BankSetup</td>
<td></td>
<td>11</td>
<td>org.test.BankSetup@7334aada</td></tr>
<tr>
<td title='org.test.CustomerListSetup.TC40()'><b>TC40</b><br>Test class: org.test.CustomerListSetup</td>
<td></td>
<td>16</td>
<td>org.test.CustomerListSetup@6b81ce95</td></tr>
<tr>
<td title='org.test.CustomerSetup.TC09()'><b>TC09</b><br>Test class: org.test.CustomerSetup</td>
<td></td>
<td>11</td>
<td>org.test.CustomerSetup@2a798d51</td></tr>
<tr>
<td title='org.test.CustomerListSetup.TC11()'><b>TC11</b><br>Test class: org.test.CustomerListSetup</td>
<td></td>
<td>13</td>
<td>org.test.CustomerListSetup@6b81ce95</td></tr>
<tr>
<td title='org.test.CustomerListSetup.TC25()'><b>TC25</b><br>Test class: org.test.CustomerListSetup</td>
<td></td>
<td>15</td>
<td>org.test.CustomerListSetup@6b81ce95</td></tr>
<tr>
<td title='org.test.BankSetup.TC29()'><b>TC29</b><br>Test class: org.test.BankSetup</td>
<td></td>
<td>12</td>
<td>org.test.BankSetup@7334aada</td></tr>
<tr>
<td title='org.test.InstallerSetup.TC19()'><b>TC19</b><br>Test class: org.test.InstallerSetup</td>
<td></td>
<td>9</td>
<td>org.test.InstallerSetup@6572421</td></tr>
<tr>
<td title='org.test.CustomerSetup.TC06()'><b>TC06</b><br>Test class: org.test.CustomerSetup</td>
<td></td>
<td>9</td>
<td>org.test.CustomerSetup@2a798d51</td></tr>
<tr>
<td title='org.test.Entry.TC1()'><b>TC1</b><br>Test class: org.test.Entry<br>Test method: Check with valid Login for normal User</td>
<td></td>
<td>8</td>
<td>org.test.Entry@6d763516</td></tr>
<tr>
<td title='org.test.CustomerListSetup.TC24()'><b>TC24</b><br>Test class: org.test.CustomerListSetup</td>
<td></td>
<td>18</td>
<td>org.test.CustomerListSetup@6b81ce95</td></tr>
<tr>
<td title='org.test.CustomerSetup.TC07()'><b>TC07</b><br>Test class: org.test.CustomerSetup</td>
<td></td>
<td>10</td>
<td>org.test.CustomerSetup@2a798d51</td></tr>
<tr>
<td title='org.test.CustomerListSetup.TC47()'><b>TC47</b><br>Test class: org.test.CustomerListSetup</td>
<td></td>
<td>15</td>
<td>org.test.CustomerListSetup@6b81ce95</td></tr>
<tr>
<td title='org.test.CustomerListSetup.TC15()'><b>TC15</b><br>Test class: org.test.CustomerListSetup</td>
<td></td>
<td>12</td>
<td>org.test.CustomerListSetup@6b81ce95</td></tr>
<tr>
<td title='org.test.Entry.TC10()'><b>TC10</b><br>Test class: org.test.Entry<br>Test method: Check the Forgot Password Function </td>
<td></td>
<td>1</td>
<td>org.test.Entry@6d763516</td></tr>
<tr>
<td title='org.test.BankSetup.TC24()'><b>TC24</b><br>Test class: org.test.BankSetup</td>
<td></td>
<td>13</td>
<td>org.test.BankSetup@7334aada</td></tr>
<tr>
<td title='org.test.BankSetup.TC18()'><b>TC18</b><br>Test class: org.test.BankSetup</td>
<td></td>
<td>10</td>
<td>org.test.BankSetup@7334aada</td></tr>
<tr>
<td title='org.test.BankSetup.TC32()'><b>TC32</b><br>Test class: org.test.BankSetup</td>
<td></td>
<td>9</td>
<td>org.test.BankSetup@7334aada</td></tr>
<tr>
<td title='org.test.CustomerListSetup.TC16()'><b>TC16</b><br>Test class: org.test.CustomerListSetup</td>
<td></td>
<td>15</td>
<td>org.test.CustomerListSetup@6b81ce95</td></tr>
<tr>
<td title='org.test.BankSetup.TC07()'><b>TC07</b><br>Test class: org.test.BankSetup</td>
<td></td>
<td>10</td>
<td>org.test.BankSetup@7334aada</td></tr>
<tr>
<td title='org.test.Entry.TC5()'><b>TC5</b><br>Test class: org.test.Entry<br>Test method: Check with Valid Email Id  & InValid Password</td>
<td></td>
<td>0</td>
<td>org.test.Entry@6d763516</td></tr>
<tr>
<td title='org.test.CustomerListSetup.TC02()'><b>TC02</b><br>Test class: org.test.CustomerListSetup</td>
<td></td>
<td>13</td>
<td>org.test.CustomerListSetup@6b81ce95</td></tr>
<tr>
<td title='org.test.BankSetup.TC27()'><b>TC27</b><br>Test class: org.test.BankSetup</td>
<td></td>
<td>9</td>
<td>org.test.BankSetup@7334aada</td></tr>
<tr>
<td title='org.test.InstallerSetup.TC22()'><b>TC22</b><br>Test class: org.test.InstallerSetup</td>
<td></td>
<td>14</td>
<td>org.test.InstallerSetup@6572421</td></tr>
<tr>
<td title='org.test.InstallerSetup.TC02()'><b>TC02</b><br>Test class: org.test.InstallerSetup</td>
<td></td>
<td>14</td>
<td>org.test.InstallerSetup@6572421</td></tr>
<tr>
<td title='org.test.CustomerListSetup.TC51()'><b>TC51</b><br>Test class: org.test.CustomerListSetup</td>
<td></td>
<td>11</td>
<td>org.test.CustomerListSetup@6b81ce95</td></tr>
<tr>
<td title='org.test.CustomerListSetup.TC03()'><b>TC03</b><br>Test class: org.test.CustomerListSetup</td>
<td></td>
<td>12</td>
<td>org.test.CustomerListSetup@6b81ce95</td></tr>
<tr>
<td title='org.test.CustomerListSetup.TC14()'><b>TC14</b><br>Test class: org.test.CustomerListSetup</td>
<td></td>
<td>17</td>
<td>org.test.CustomerListSetup@6b81ce95</td></tr>
<tr>
<td title='org.test.BankSetup.TC09()'><b>TC09</b><br>Test class: org.test.BankSetup</td>
<td></td>
<td>12</td>
<td>org.test.BankSetup@7334aada</td></tr>
<tr>
<td title='org.test.CustomerListSetup.TC37()'><b>TC37</b><br>Test class: org.test.CustomerListSetup</td>
<td></td>
<td>19</td>
<td>org.test.CustomerListSetup@6b81ce95</td></tr>
<tr>
<td title='org.test.CustomerListSetup.TC06()'><b>TC06</b><br>Test class: org.test.CustomerListSetup</td>
<td></td>
<td>12</td>
<td>org.test.CustomerListSetup@6b81ce95</td></tr>
<tr>
<td title='org.test.InstallerSetup.TC07()'><b>TC07</b><br>Test class: org.test.InstallerSetup</td>
<td></td>
<td>13</td>
<td>org.test.InstallerSetup@6572421</td></tr>
<tr>
<td title='org.test.BankSetup.TC05()'><b>TC05</b><br>Test class: org.test.BankSetup</td>
<td></td>
<td>14</td>
<td>org.test.BankSetup@7334aada</td></tr>
<tr>
<td title='org.test.CustomerListSetup.TC39()'><b>TC39</b><br>Test class: org.test.CustomerListSetup</td>
<td></td>
<td>16</td>
<td>org.test.CustomerListSetup@6b81ce95</td></tr>
<tr>
<td title='org.test.InstallerSetup.TC12()'><b>TC12</b><br>Test class: org.test.InstallerSetup</td>
<td></td>
<td>17</td>
<td>org.test.InstallerSetup@6572421</td></tr>
<tr>
<td title='org.test.CustomerListSetup.TC13()'><b>TC13</b><br>Test class: org.test.CustomerListSetup</td>
<td></td>
<td>16</td>
<td>org.test.CustomerListSetup@6b81ce95</td></tr>
<tr>
<td title='org.test.InstallerSetup.TC01()'><b>TC01</b><br>Test class: org.test.InstallerSetup</td>
<td></td>
<td>11</td>
<td>org.test.InstallerSetup@6572421</td></tr>
<tr>
<td title='org.test.CustomerListSetup.TC09()'><b>TC09</b><br>Test class: org.test.CustomerListSetup</td>
<td></td>
<td>14</td>
<td>org.test.CustomerListSetup@6b81ce95</td></tr>
<tr>
<td title='org.test.CustomerListSetup.TC50()'><b>TC50</b><br>Test class: org.test.CustomerListSetup</td>
<td></td>
<td>12</td>
<td>org.test.CustomerListSetup@6b81ce95</td></tr>
<tr>
<td title='org.test.BankSetup.TC30()'><b>TC30</b><br>Test class: org.test.BankSetup</td>
<td></td>
<td>14</td>
<td>org.test.BankSetup@7334aada</td></tr>
<tr>
<td title='org.test.BankSetup.TC19()'><b>TC19</b><br>Test class: org.test.BankSetup</td>
<td></td>
<td>9</td>
<td>org.test.BankSetup@7334aada</td></tr>
<tr>
<td title='org.test.Entry.TC2()'><b>TC2</b><br>Test class: org.test.Entry<br>Test method: Check with empty Email Id  & Valid Password</td>
<td></td>
<td>1</td>
<td>org.test.Entry@6d763516</td></tr>
<tr>
<td title='org.test.InstallerSetup.TC36()'><b>TC36</b><br>Test class: org.test.InstallerSetup</td>
<td></td>
<td>10</td>
<td>org.test.InstallerSetup@6572421</td></tr>
<tr>
<td title='org.test.CustomerListSetup.TC04()'><b>TC04</b><br>Test class: org.test.CustomerListSetup</td>
<td></td>
<td>15</td>
<td>org.test.CustomerListSetup@6b81ce95</td></tr>
<tr>
<td title='org.test.CustomerSetup.TC03()'><b>TC03</b><br>Test class: org.test.CustomerSetup</td>
<td></td>
<td>9</td>
<td>org.test.CustomerSetup@2a798d51</td></tr>
<tr>
<td title='org.test.CustomerSetup.TC04()'><b>TC04</b><br>Test class: org.test.CustomerSetup</td>
<td></td>
<td>11</td>
<td>org.test.CustomerSetup@2a798d51</td></tr>
<tr>
<td title='org.test.InstallerSetup.TC34()'><b>TC34</b><br>Test class: org.test.InstallerSetup</td>
<td></td>
<td>11</td>
<td>org.test.InstallerSetup@6572421</td></tr>
<tr>
<td title='org.test.BankSetup.TC12()'><b>TC12</b><br>Test class: org.test.BankSetup</td>
<td></td>
<td>12</td>
<td>org.test.BankSetup@7334aada</td></tr>
<tr>
<td title='org.test.BankSetup.TC13()'><b>TC13</b><br>Test class: org.test.BankSetup</td>
<td></td>
<td>10</td>
<td>org.test.BankSetup@7334aada</td></tr>
<tr>
<td title='org.test.CustomerListSetup.TC28()'><b>TC28</b><br>Test class: org.test.CustomerListSetup</td>
<td></td>
<td>15</td>
<td>org.test.CustomerListSetup@6b81ce95</td></tr>
<tr>
<td title='org.test.BankSetup.TC23()'><b>TC23</b><br>Test class: org.test.BankSetup</td>
<td></td>
<td>10</td>
<td>org.test.BankSetup@7334aada</td></tr>
<tr>
<td title='org.test.InstallerSetup.TC25()'><b>TC25</b><br>Test class: org.test.InstallerSetup</td>
<td></td>
<td>15</td>
<td>org.test.InstallerSetup@6572421</td></tr>
<tr>
<td title='org.test.BankSetup.TC01()'><b>TC01</b><br>Test class: org.test.BankSetup</td>
<td></td>
<td>12</td>
<td>org.test.BankSetup@7334aada</td></tr>
<tr>
<td title='org.test.CustomerListSetup.TC46()'><b>TC46</b><br>Test class: org.test.CustomerListSetup</td>
<td></td>
<td>21</td>
<td>org.test.CustomerListSetup@6b81ce95</td></tr>
<tr>
<td title='org.test.CustomerListSetup.TC12()'><b>TC12</b><br>Test class: org.test.CustomerListSetup</td>
<td></td>
<td>18</td>
<td>org.test.CustomerListSetup@6b81ce95</td></tr>
<tr>
<td title='org.test.InstallerSetup.TC05()'><b>TC05</b><br>Test class: org.test.InstallerSetup</td>
<td></td>
<td>19</td>
<td>org.test.InstallerSetup@6572421</td></tr>
<tr>
<td title='org.test.BankSetup.TC11()'><b>TC11</b><br>Test class: org.test.BankSetup</td>
<td></td>
<td>11</td>
<td>org.test.BankSetup@7334aada</td></tr>
<tr>
<td title='org.test.InstallerSetup.TC35()'><b>TC35</b><br>Test class: org.test.InstallerSetup</td>
<td></td>
<td>11</td>
<td>org.test.InstallerSetup@6572421</td></tr>
<tr>
<td title='org.test.CustomerListSetup.TC17()'><b>TC17</b><br>Test class: org.test.CustomerListSetup</td>
<td></td>
<td>28</td>
<td>org.test.CustomerListSetup@6b81ce95</td></tr>
<tr>
<td title='org.test.CustomerListSetup.TC54()'><b>TC54</b><br>Test class: org.test.CustomerListSetup</td>
<td></td>
<td>15</td>
<td>org.test.CustomerListSetup@6b81ce95</td></tr>
<tr>
<td title='org.test.BankSetup.TC14()'><b>TC14</b><br>Test class: org.test.BankSetup</td>
<td></td>
<td>10</td>
<td>org.test.BankSetup@7334aada</td></tr>
<tr>
<td title='org.test.Entry.TC7()'><b>TC7</b><br>Test class: org.test.Entry<br>Test method: Check Invalid or Disable User Login </td>
<td></td>
<td>2</td>
<td>org.test.Entry@6d763516</td></tr>
<tr>
<td title='org.test.CustomerListSetup.TC41()'><b>TC41</b><br>Test class: org.test.CustomerListSetup</td>
<td></td>
<td>22</td>
<td>org.test.CustomerListSetup@6b81ce95</td></tr>
<tr>
<td title='org.test.CustomerListSetup.TC52()'><b>TC52</b><br>Test class: org.test.CustomerListSetup</td>
<td></td>
<td>21</td>
<td>org.test.CustomerListSetup@6b81ce95</td></tr>
<tr>
<td title='org.test.CustomerListSetup.TC34()'><b>TC34</b><br>Test class: org.test.CustomerListSetup</td>
<td></td>
<td>18</td>
<td>org.test.CustomerListSetup@6b81ce95</td></tr>
<tr>
<td title='org.test.BankSetup.TC33()'><b>TC33</b><br>Test class: org.test.BankSetup</td>
<td></td>
<td>10</td>
<td>org.test.BankSetup@7334aada</td></tr>
<tr>
<td title='org.test.BankSetup.TC15()'><b>TC15</b><br>Test class: org.test.BankSetup</td>
<td></td>
<td>12</td>
<td>org.test.BankSetup@7334aada</td></tr>
<tr>
<td title='org.test.CustomerListSetup.TC49()'><b>TC49</b><br>Test class: org.test.CustomerListSetup</td>
<td></td>
<td>15</td>
<td>org.test.CustomerListSetup@6b81ce95</td></tr>
<tr>
<td title='org.test.CustomerListSetup.TC21()'><b>TC21</b><br>Test class: org.test.CustomerListSetup</td>
<td></td>
<td>17</td>
<td>org.test.CustomerListSetup@6b81ce95</td></tr>
<tr>
<td title='org.test.CustomerListSetup.TC36()'><b>TC36</b><br>Test class: org.test.CustomerListSetup</td>
<td></td>
<td>18</td>
<td>org.test.CustomerListSetup@6b81ce95</td></tr>
<tr>
<td title='org.test.CustomerSetup.TC05()'><b>TC05</b><br>Test class: org.test.CustomerSetup</td>
<td></td>
<td>9</td>
<td>org.test.CustomerSetup@2a798d51</td></tr>
<tr>
<td title='org.test.InstallerSetup.TC31()'><b>TC31</b><br>Test class: org.test.InstallerSetup</td>
<td></td>
<td>10</td>
<td>org.test.InstallerSetup@6572421</td></tr>
<tr>
<td title='org.test.CustomerListSetup.TC22()'><b>TC22</b><br>Test class: org.test.CustomerListSetup</td>
<td></td>
<td>16</td>
<td>org.test.CustomerListSetup@6b81ce95</td></tr>
<tr>
<td title='org.test.InstallerSetup.TC06()'><b>TC06</b><br>Test class: org.test.InstallerSetup</td>
<td></td>
<td>12</td>
<td>org.test.InstallerSetup@6572421</td></tr>
<tr>
<td title='org.test.CustomerListSetup.TC01()'><b>TC01</b><br>Test class: org.test.CustomerListSetup</td>
<td></td>
<td>14</td>
<td>org.test.CustomerListSetup@6b81ce95</td></tr>
<tr>
<td title='org.test.InstallerSetup.TC33()'><b>TC33</b><br>Test class: org.test.InstallerSetup</td>
<td></td>
<td>10</td>
<td>org.test.InstallerSetup@6572421</td></tr>
<tr>
<td title='org.test.CustomerListSetup.TC26()'><b>TC26</b><br>Test class: org.test.CustomerListSetup</td>
<td></td>
<td>16</td>
<td>org.test.CustomerListSetup@6b81ce95</td></tr>
<tr>
<td title='org.test.InstallerSetup.TC08()'><b>TC08</b><br>Test class: org.test.InstallerSetup</td>
<td></td>
<td>16</td>
<td>org.test.InstallerSetup@6572421</td></tr>
<tr>
<td title='org.test.CustomerListSetup.TC45()'><b>TC45</b><br>Test class: org.test.CustomerListSetup</td>
<td></td>
<td>15</td>
<td>org.test.CustomerListSetup@6b81ce95</td></tr>
<tr>
<td title='org.test.CustomerListSetup.TC08()'><b>TC08</b><br>Test class: org.test.CustomerListSetup</td>
<td></td>
<td>15</td>
<td>org.test.CustomerListSetup@6b81ce95</td></tr>
<tr>
<td title='org.test.CustomerSetup.TC11()'><b>TC11</b><br>Test class: org.test.CustomerSetup</td>
<td></td>
<td>9</td>
<td>org.test.CustomerSetup@2a798d51</td></tr>
<tr>
<td title='org.test.InstallerSetup.TC21()'><b>TC21</b><br>Test class: org.test.InstallerSetup</td>
<td></td>
<td>17</td>
<td>org.test.InstallerSetup@6572421</td></tr>
<tr>
<td title='org.test.InstallerSetup.TC23()'><b>TC23</b><br>Test class: org.test.InstallerSetup</td>
<td></td>
<td>15</td>
<td>org.test.InstallerSetup@6572421</td></tr>
<tr>
<td title='org.test.InstallerSetup.TC18()'><b>TC18</b><br>Test class: org.test.InstallerSetup</td>
<td></td>
<td>11</td>
<td>org.test.InstallerSetup@6572421</td></tr>
<tr>
<td title='org.test.InstallerSetup.TC03()'><b>TC03</b><br>Test class: org.test.InstallerSetup</td>
<td></td>
<td>14</td>
<td>org.test.InstallerSetup@6572421</td></tr>
<tr>
<td title='org.test.Entry.TC3()'><b>TC3</b><br>Test class: org.test.Entry<br>Test method: Check with Valid Email Id  & empty Password</td>
<td></td>
<td>0</td>
<td>org.test.Entry@6d763516</td></tr>
<tr>
<td title='org.test.BankSetup.TC03()'><b>TC03</b><br>Test class: org.test.BankSetup</td>
<td></td>
<td>12</td>
<td>org.test.BankSetup@7334aada</td></tr>
<tr>
<td title='org.test.CustomerListSetup.TC30()'><b>TC30</b><br>Test class: org.test.CustomerListSetup</td>
<td></td>
<td>19</td>
<td>org.test.CustomerListSetup@6b81ce95</td></tr>
<tr>
<td title='org.test.CustomerListSetup.TC38()'><b>TC38</b><br>Test class: org.test.CustomerListSetup</td>
<td></td>
<td>19</td>
<td>org.test.CustomerListSetup@6b81ce95</td></tr>
<tr>
<td title='org.test.CustomerListSetup.TC43()'><b>TC43</b><br>Test class: org.test.CustomerListSetup</td>
<td></td>
<td>20</td>
<td>org.test.CustomerListSetup@6b81ce95</td></tr>
<tr>
<td title='org.test.BankSetup.TC25()'><b>TC25</b><br>Test class: org.test.BankSetup</td>
<td></td>
<td>9</td>
<td>org.test.BankSetup@7334aada</td></tr>
<tr>
<td title='org.test.BankSetup.TC26()'><b>TC26</b><br>Test class: org.test.BankSetup</td>
<td></td>
<td>10</td>
<td>org.test.BankSetup@7334aada</td></tr>
<tr>
<td title='org.test.BankSetup.TC04()'><b>TC04</b><br>Test class: org.test.BankSetup</td>
<td></td>
<td>20</td>
<td>org.test.BankSetup@7334aada</td></tr>
<tr>
<td title='org.test.CustomerListSetup.TC27()'><b>TC27</b><br>Test class: org.test.CustomerListSetup</td>
<td></td>
<td>18</td>
<td>org.test.CustomerListSetup@6b81ce95</td></tr>
<tr>
<td title='org.test.BankSetup.TC17()'><b>TC17</b><br>Test class: org.test.BankSetup</td>
<td></td>
<td>11</td>
<td>org.test.BankSetup@7334aada</td></tr>
<tr>
<td title='org.test.InstallerSetup.TC17()'><b>TC17</b><br>Test class: org.test.InstallerSetup</td>
<td></td>
<td>11</td>
<td>org.test.InstallerSetup@6572421</td></tr>
<tr>
<td title='org.test.InstallerSetup.TC09()'><b>TC09</b><br>Test class: org.test.InstallerSetup</td>
<td></td>
<td>16</td>
<td>org.test.InstallerSetup@6572421</td></tr>
<tr>
<td title='org.test.CustomerListSetup.TC29()'><b>TC29</b><br>Test class: org.test.CustomerListSetup</td>
<td></td>
<td>20</td>
<td>org.test.CustomerListSetup@6b81ce95</td></tr>
<tr>
<td title='org.test.CustomerListSetup.TC23()'><b>TC23</b><br>Test class: org.test.CustomerListSetup</td>
<td></td>
<td>19</td>
<td>org.test.CustomerListSetup@6b81ce95</td></tr>
<tr>
<td title='org.test.BankSetup.TC28()'><b>TC28</b><br>Test class: org.test.BankSetup</td>
<td></td>
<td>9</td>
<td>org.test.BankSetup@7334aada</td></tr>
<tr>
<td title='org.test.CustomerListSetup.TC18()'><b>TC18</b><br>Test class: org.test.CustomerListSetup</td>
<td></td>
<td>14</td>
<td>org.test.CustomerListSetup@6b81ce95</td></tr>
</table><p>
</body>
</html>