<?xml version="1.0" encoding="UTF-8"?>
<!-- Generated by org.testng.reporters.JUnitXMLReporter -->
<testsuite ignored="0" hostname="SSSLT24" failures="2" tests="144" name=" CGI Parallel test" time="2870.458" errors="0" timestamp="2023-04-20T13:26:41 IST">
  <testcase classname="org.test.BankSetup" name="TC01" time="12.189"/>
  <testcase classname="org.test.BankSetup" name="TC02" time="12.506"/>
  <testcase classname="org.test.BankSetup" name="TC03" time="12.778"/>
  <testcase classname="org.test.BankSetup" name="TC04" time="20.714"/>
  <testcase classname="org.test.BankSetup" name="TC05" time="14.317"/>
  <testcase classname="org.test.BankSetup" name="TC06" time="11.465"/>
  <testcase classname="org.test.BankSetup" name="TC07" time="10.908"/>
  <testcase classname="org.test.BankSetup" name="TC08" time="14.823"/>
  <testcase classname="org.test.BankSetup" name="TC09" time="12.182"/>
  <testcase classname="org.test.BankSetup" name="TC10" time="11.332"/>
  <testcase classname="org.test.BankSetup" name="TC11" time="11.031"/>
  <testcase classname="org.test.BankSetup" name="TC12" time="12.928"/>
  <testcase classname="org.test.BankSetup" name="TC13" time="10.613"/>
  <testcase classname="org.test.BankSetup" name="TC14" time="10.228"/>
  <testcase classname="org.test.BankSetup" name="TC15" time="12.835"/>
  <testcase classname="org.test.BankSetup" name="TC16" time="10.494"/>
  <testcase classname="org.test.BankSetup" name="TC17" time="11.166"/>
  <testcase classname="org.test.BankSetup" name="TC18" time="10.915"/>
  <testcase classname="org.test.BankSetup" name="TC19" time="9.64"/>
  <testcase classname="org.test.BankSetup" name="TC20" time="12.912"/>
  <testcase classname="org.test.BankSetup" name="TC21" time="12.533"/>
  <testcase classname="org.test.BankSetup" name="TC22" time="9.671"/>
  <testcase classname="org.test.BankSetup" name="TC23" time="10.706"/>
  <testcase classname="org.test.BankSetup" name="TC24" time="13.415"/>
  <testcase classname="org.test.BankSetup" name="TC25" time="9.964"/>
  <testcase classname="org.test.BankSetup" name="TC26" time="10.567"/>
  <testcase classname="org.test.BankSetup" name="TC27" time="9.74"/>
  <testcase classname="org.test.BankSetup" name="TC28" time="9.418"/>
  <testcase classname="org.test.BankSetup" name="TC29" time="12.396"/>
  <testcase classname="org.test.BankSetup" name="TC30" time="14.41"/>
  <testcase classname="org.test.BankSetup" name="TC31" time="10.078"/>
  <testcase classname="org.test.BankSetup" name="TC32" time="9.826"/>
  <testcase classname="org.test.BankSetup" name="TC33" time="10.006"/>
  <testcase classname="org.test.InstallerSetup" name="TC01" time="11.594"/>
  <testcase classname="org.test.InstallerSetup" name="TC02" time="14.733"/>
  <testcase classname="org.test.InstallerSetup" name="TC03" time="14.636"/>
  <testcase classname="org.test.InstallerSetup" name="TC04" time="20.068"/>
  <testcase classname="org.test.InstallerSetup" name="TC05" time="19.413"/>
  <testcase classname="org.test.InstallerSetup" name="TC06" time="12.811"/>
  <testcase classname="org.test.InstallerSetup" name="TC07" time="13.295"/>
  <testcase classname="org.test.InstallerSetup" name="TC08" time="16.458"/>
  <testcase classname="org.test.InstallerSetup" name="TC09" time="16.829"/>
  <testcase classname="org.test.InstallerSetup" name="TC10" time="15.625"/>
  <testcase classname="org.test.InstallerSetup" name="TC11" time="15.786"/>
  <testcase classname="org.test.InstallerSetup" name="TC12" time="17.673"/>
  <testcase classname="org.test.InstallerSetup" name="TC13" time="15.141"/>
  <testcase classname="org.test.InstallerSetup" name="TC14" time="12.653"/>
  <testcase classname="org.test.InstallerSetup" name="TC15" time="12.418"/>
  <testcase classname="org.test.InstallerSetup" name="TC16" time="11.909"/>
  <testcase classname="org.test.InstallerSetup" name="TC17" time="11.438"/>
  <testcase classname="org.test.InstallerSetup" name="TC18" time="11.522"/>
  <testcase classname="org.test.InstallerSetup" name="TC19" time="9.34"/>
  <testcase classname="org.test.InstallerSetup" name="TC20" time="9.375"/>
  <testcase classname="org.test.InstallerSetup" name="TC21" time="17.405"/>
  <testcase classname="org.test.InstallerSetup" name="TC22" time="14.303"/>
  <testcase classname="org.test.InstallerSetup" name="TC23" time="15.5"/>
  <testcase classname="org.test.InstallerSetup" name="TC24" time="13.001"/>
  <testcase classname="org.test.InstallerSetup" name="TC25" time="15.428"/>
  <testcase classname="org.test.InstallerSetup" name="TC26" time="10.929"/>
  <testcase classname="org.test.InstallerSetup" name="TC27" time="10.569"/>
  <testcase classname="org.test.InstallerSetup" name="TC28" time="11.964"/>
  <testcase classname="org.test.InstallerSetup" name="TC29" time="11.154"/>
  <testcase classname="org.test.InstallerSetup" name="TC30" time="10.838"/>
  <testcase classname="org.test.InstallerSetup" name="TC31" time="10.744"/>
  <testcase classname="org.test.InstallerSetup" name="TC32" time="9.802"/>
  <testcase classname="org.test.InstallerSetup" name="TC33" time="10.243"/>
  <testcase classname="org.test.InstallerSetup" name="TC34" time="11.691"/>
  <testcase classname="org.test.InstallerSetup" name="TC35" time="11.464"/>
  <testcase classname="org.test.InstallerSetup" name="TC36" time="10.116"/>
  <testcase classname="org.test.CustomerListSetup" name="TC01" time="14.585"/>
  <testcase classname="org.test.CustomerListSetup" name="TC02" time="13.198"/>
  <testcase classname="org.test.CustomerListSetup" name="TC03" time="12.656"/>
  <testcase classname="org.test.CustomerListSetup" name="TC04" time="15.408"/>
  <testcase classname="org.test.CustomerListSetup" name="TC05" time="11.887"/>
  <testcase classname="org.test.CustomerListSetup" name="TC06" time="12.611"/>
  <testcase classname="org.test.CustomerListSetup" name="TC07" time="13.468"/>
  <testcase classname="org.test.CustomerListSetup" name="TC08" time="15.973"/>
  <testcase classname="org.test.CustomerListSetup" name="TC09" time="14.37"/>
  <testcase classname="org.test.CustomerListSetup" name="TC10" time="15.562"/>
  <testcase classname="org.test.CustomerListSetup" name="TC11" time="13.546"/>
  <testcase classname="org.test.CustomerListSetup" name="TC12" time="18.781"/>
  <testcase classname="org.test.CustomerListSetup" name="TC13" time="16.072"/>
  <testcase classname="org.test.CustomerListSetup" name="TC14" time="17.42"/>
  <testcase classname="org.test.CustomerListSetup" name="TC15" time="12.223"/>
  <testcase classname="org.test.CustomerListSetup" name="TC16" time="15.841"/>
  <testcase classname="org.test.CustomerListSetup" name="TC17" time="28.123"/>
  <testcase classname="org.test.CustomerListSetup" name="TC18" time="14.094"/>
  <testcase classname="org.test.CustomerListSetup" name="TC19" time="14.999"/>
  <testcase classname="org.test.CustomerListSetup" name="TC20" time="20.243"/>
  <testcase classname="org.test.CustomerListSetup" name="TC21" time="17.159"/>
  <testcase classname="org.test.CustomerListSetup" name="TC22" time="16.293"/>
  <testcase classname="org.test.CustomerListSetup" name="TC23" time="19.749"/>
  <testcase classname="org.test.CustomerListSetup" name="TC24" time="18.148"/>
  <testcase classname="org.test.CustomerListSetup" name="TC25" time="15.423"/>
  <testcase classname="org.test.CustomerListSetup" name="TC26" time="16.986"/>
  <testcase classname="org.test.CustomerListSetup" name="TC27" time="18.091"/>
  <testcase classname="org.test.CustomerListSetup" name="TC28" time="15.584"/>
  <testcase classname="org.test.CustomerListSetup" name="TC29" time="20.067"/>
  <testcase classname="org.test.CustomerListSetup" name="TC30" time="19.261"/>
  <testcase classname="org.test.CustomerListSetup" name="TC31" time="18.58"/>
  <testcase classname="org.test.CustomerListSetup" name="TC32" time="16.84"/>
  <testcase classname="org.test.CustomerListSetup" name="TC33" time="17.403"/>
  <testcase classname="org.test.CustomerListSetup" name="TC34" time="18.112"/>
  <testcase classname="org.test.CustomerListSetup" name="TC35" time="17.915"/>
  <testcase classname="org.test.CustomerListSetup" name="TC36" time="18.015"/>
  <testcase classname="org.test.CustomerListSetup" name="TC37" time="19.302"/>
  <testcase classname="org.test.CustomerListSetup" name="TC38" time="19.832"/>
  <testcase classname="org.test.CustomerListSetup" name="TC39" time="16.626"/>
  <testcase classname="org.test.CustomerListSetup" name="TC40" time="16.127"/>
  <testcase classname="org.test.CustomerListSetup" name="TC41" time="22.459"/>
  <testcase classname="org.test.CustomerListSetup" name="TC42" time="67.953">
    <failure type="org.openqa.selenium.ElementNotInteractableException" message="element not interactable
  (Session info: chrome=112.0.5615.137)
Build info: version: &amp;apos;3.141.59&amp;apos;, revision: &amp;apos;e82be7d358&amp;apos;, time: &amp;apos;2018-11-14T08:25:53&amp;apos;
System info: host: &amp;apos;SSSLT24&amp;apos;, ip: &amp;apos;192.168.1.92&amp;apos;, os.name: &amp;apos;Windows 11&amp;apos;, os.arch: &amp;apos;amd64&amp;apos;, os.version: &amp;apos;10.0&amp;apos;, java.version: &amp;apos;19.0.2&amp;apos;
Driver info: org.openqa.selenium.chrome.ChromeDriver
Capabilities {acceptInsecureCerts: false, browserName: chrome, browserVersion: 112.0.5615.137, chrome: {chromedriverVersion: 112.0.5615.49 (bd2a7bcb881c..., userDataDir: C:\Program Files (x86)\scop...}, goog:chromeOptions: {debuggerAddress: localhost:57984}, javascriptEnabled: true, networkConnectionEnabled: false, pageLoadStrategy: normal, platform: WINDOWS, platformName: WINDOWS, proxy: Proxy(), setWindowRect: true, strictFileInteractability: false, timeouts: {implicit: 0, pageLoad: 300000, script: 30000}, unhandledPromptBehavior: dismiss and notify, webauthn:extension:credBlob: true, webauthn:extension:largeBlob: true, webauthn:extension:minPinLength: true, webauthn:extension:prf: true, webauthn:virtualAuthenticators: true}
Session ID: 9474cb3c871e0b55ff084f0c46128e68">
      <![CDATA[org.openqa.selenium.ElementNotInteractableException: element not interactable
  (Session info: chrome=112.0.5615.137)
Build info: version: '3.141.59', revision: 'e82be7d358', time: '2018-11-14T08:25:53'
System info: host: 'SSSLT24', ip: '192.168.1.92', os.name: 'Windows 11', os.arch: 'amd64', os.version: '10.0', java.version: '19.0.2'
Driver info: org.openqa.selenium.chrome.ChromeDriver
Capabilities {acceptInsecureCerts: false, browserName: chrome, browserVersion: 112.0.5615.137, chrome: {chromedriverVersion: 112.0.5615.49 (bd2a7bcb881c..., userDataDir: C:\Program Files (x86)\scop...}, goog:chromeOptions: {debuggerAddress: localhost:57984}, javascriptEnabled: true, networkConnectionEnabled: false, pageLoadStrategy: normal, platform: WINDOWS, platformName: WINDOWS, proxy: Proxy(), setWindowRect: true, strictFileInteractability: false, timeouts: {implicit: 0, pageLoad: 300000, script: 30000}, unhandledPromptBehavior: dismiss and notify, webauthn:extension:credBlob: true, webauthn:extension:largeBlob: true, webauthn:extension:minPinLength: true, webauthn:extension:prf: true, webauthn:virtualAuthenticators: true}
Session ID: 9474cb3c871e0b55ff084f0c46128e68
at java.base/jdk.internal.reflect.DirectConstructorHandleAccessor.newInstance(DirectConstructorHandleAccessor.java:67)
at java.base/java.lang.reflect.Constructor.newInstanceWithCaller(Constructor.java:500)
at java.base/java.lang.reflect.Constructor.newInstance(Constructor.java:484)
at org.openqa.selenium.remote.http.W3CHttpResponseCodec.createException(W3CHttpResponseCodec.java:187)
at org.openqa.selenium.remote.http.W3CHttpResponseCodec.decode(W3CHttpResponseCodec.java:122)
at org.openqa.selenium.remote.http.W3CHttpResponseCodec.decode(W3CHttpResponseCodec.java:49)
at org.openqa.selenium.remote.HttpCommandExecutor.execute(HttpCommandExecutor.java:158)
at org.openqa.selenium.remote.service.DriverCommandExecutor.execute(DriverCommandExecutor.java:83)
at org.openqa.selenium.remote.RemoteWebDriver.execute(RemoteWebDriver.java:552)
at org.openqa.selenium.remote.RemoteWebElement.execute(RemoteWebElement.java:285)
at org.openqa.selenium.remote.RemoteWebElement.click(RemoteWebElement.java:84)
at java.base/jdk.internal.reflect.DirectMethodHandleAccessor.invoke(DirectMethodHandleAccessor.java:104)
at java.base/java.lang.reflect.Method.invoke(Method.java:578)
at org.openqa.selenium.support.pagefactory.internal.LocatingElementHandler.invoke(LocatingElementHandler.java:51)
at jdk.proxy2/jdk.proxy2.$Proxy12.click(Unknown Source)
at org.action.CustomerListActions.cs42(CustomerListActions.java:667)
at org.test.CustomerListSetup.TC42(CustomerListSetup.java:384)
at java.base/jdk.internal.reflect.DirectMethodHandleAccessor.invoke(DirectMethodHandleAccessor.java:104)
at java.base/java.lang.reflect.Method.invoke(Method.java:578)
at org.testng.internal.MethodInvocationHelper.invokeMethod(MethodInvocationHelper.java:133)
at org.testng.internal.TestInvoker.invokeMethod(TestInvoker.java:598)
at org.testng.internal.TestInvoker.invokeTestMethod(TestInvoker.java:173)
at org.testng.internal.MethodRunner.runInSequence(MethodRunner.java:46)
at org.testng.internal.TestInvoker$MethodInvocationAgent.invoke(TestInvoker.java:824)
at org.testng.internal.TestInvoker.invokeTestMethods(TestInvoker.java:146)
at org.testng.internal.TestMethodWorker.invokeTestMethods(TestMethodWorker.java:146)
at org.testng.internal.TestMethodWorker.run(TestMethodWorker.java:128)
at java.base/java.util.ArrayList.forEach(ArrayList.java:1511)
at org.testng.TestRunner.privateRun(TestRunner.java:794)
at org.testng.TestRunner.run(TestRunner.java:596)
at org.testng.SuiteRunner.runTest(SuiteRunner.java:377)
at org.testng.SuiteRunner.runSequentially(SuiteRunner.java:371)
at org.testng.SuiteRunner.privateRun(SuiteRunner.java:332)
at org.testng.SuiteRunner.run(SuiteRunner.java:276)
at org.testng.SuiteRunnerWorker.runSuite(SuiteRunnerWorker.java:53)
at org.testng.SuiteRunnerWorker.run(SuiteRunnerWorker.java:96)
at org.testng.TestNG.runSuitesSequentially(TestNG.java:1212)
at org.testng.TestNG.runSuitesLocally(TestNG.java:1134)
at org.testng.TestNG.runSuites(TestNG.java:1063)
at org.testng.TestNG.run(TestNG.java:1031)
at org.testng.remote.AbstractRemoteTestNG.run(AbstractRemoteTestNG.java:115)
at org.testng.remote.RemoteTestNG.initAndRun(RemoteTestNG.java:251)
at org.testng.remote.RemoteTestNG.main(RemoteTestNG.java:77)
]]>
    </failure>
  </testcase> <!-- TC42 -->
  <testcase classname="org.test.CustomerListSetup" name="TC43" time="20.24"/>
  <testcase classname="org.test.CustomerListSetup" name="TC44" time="17.33"/>
  <testcase classname="org.test.CustomerListSetup" name="TC45" time="15.71"/>
  <testcase classname="org.test.CustomerListSetup" name="TC46" time="21.697"/>
  <testcase classname="org.test.CustomerListSetup" name="TC47" time="15.994"/>
  <testcase classname="org.test.CustomerListSetup" name="TC48" time="63.557">
    <failure type="org.openqa.selenium.NoSuchElementException" message="no such element: Unable to locate element: {&amp;quot;method&amp;quot;:&amp;quot;xpath&amp;quot;,&amp;quot;selector&amp;quot;:&amp;quot;//input[@id=&amp;quot;ContentPlaceHolder1_chkRobot&amp;quot;]
&amp;quot;}
  (Session info: chrome=112.0.5615.137)
For documentation on this error, please visit: https://www.seleniumhq.org/exceptions/no_such_element.html
Build info: version: &amp;apos;3.141.59&amp;apos;, revision: &amp;apos;e82be7d358&amp;apos;, time: &amp;apos;2018-11-14T08:25:53&amp;apos;
System info: host: &amp;apos;SSSLT24&amp;apos;, ip: &amp;apos;192.168.1.92&amp;apos;, os.name: &amp;apos;Windows 11&amp;apos;, os.arch: &amp;apos;amd64&amp;apos;, os.version: &amp;apos;10.0&amp;apos;, java.version: &amp;apos;19.0.2&amp;apos;
Driver info: org.openqa.selenium.chrome.ChromeDriver
Capabilities {acceptInsecureCerts: false, browserName: chrome, browserVersion: 112.0.5615.137, chrome: {chromedriverVersion: 112.0.5615.49 (bd2a7bcb881c..., userDataDir: C:\Program Files (x86)\scop...}, goog:chromeOptions: {debuggerAddress: localhost:58258}, javascriptEnabled: true, networkConnectionEnabled: false, pageLoadStrategy: normal, platform: WINDOWS, platformName: WINDOWS, proxy: Proxy(), setWindowRect: true, strictFileInteractability: false, timeouts: {implicit: 0, pageLoad: 300000, script: 30000}, unhandledPromptBehavior: dismiss and notify, webauthn:extension:credBlob: true, webauthn:extension:largeBlob: true, webauthn:extension:minPinLength: true, webauthn:extension:prf: true, webauthn:virtualAuthenticators: true}
Session ID: d472e1576b941728a557ab674e971f58
*** Element info: {Using=xpath, value=//input[@id=&amp;quot;ContentPlaceHolder1_chkRobot&amp;quot;]
}">
      <![CDATA[org.openqa.selenium.NoSuchElementException: no such element: Unable to locate element: {"method":"xpath","selector":"//input[@id="ContentPlaceHolder1_chkRobot"]
"}
  (Session info: chrome=112.0.5615.137)
For documentation on this error, please visit: https://www.seleniumhq.org/exceptions/no_such_element.html
Build info: version: '3.141.59', revision: 'e82be7d358', time: '2018-11-14T08:25:53'
System info: host: 'SSSLT24', ip: '192.168.1.92', os.name: 'Windows 11', os.arch: 'amd64', os.version: '10.0', java.version: '19.0.2'
Driver info: org.openqa.selenium.chrome.ChromeDriver
Capabilities {acceptInsecureCerts: false, browserName: chrome, browserVersion: 112.0.5615.137, chrome: {chromedriverVersion: 112.0.5615.49 (bd2a7bcb881c..., userDataDir: C:\Program Files (x86)\scop...}, goog:chromeOptions: {debuggerAddress: localhost:58258}, javascriptEnabled: true, networkConnectionEnabled: false, pageLoadStrategy: normal, platform: WINDOWS, platformName: WINDOWS, proxy: Proxy(), setWindowRect: true, strictFileInteractability: false, timeouts: {implicit: 0, pageLoad: 300000, script: 30000}, unhandledPromptBehavior: dismiss and notify, webauthn:extension:credBlob: true, webauthn:extension:largeBlob: true, webauthn:extension:minPinLength: true, webauthn:extension:prf: true, webauthn:virtualAuthenticators: true}
Session ID: d472e1576b941728a557ab674e971f58
*** Element info: {Using=xpath, value=//input[@id="ContentPlaceHolder1_chkRobot"]
}
at java.base/jdk.internal.reflect.DirectConstructorHandleAccessor.newInstance(DirectConstructorHandleAccessor.java:67)
at java.base/java.lang.reflect.Constructor.newInstanceWithCaller(Constructor.java:500)
at java.base/java.lang.reflect.Constructor.newInstance(Constructor.java:484)
at org.openqa.selenium.remote.http.W3CHttpResponseCodec.createException(W3CHttpResponseCodec.java:187)
at org.openqa.selenium.remote.http.W3CHttpResponseCodec.decode(W3CHttpResponseCodec.java:122)
at org.openqa.selenium.remote.http.W3CHttpResponseCodec.decode(W3CHttpResponseCodec.java:49)
at org.openqa.selenium.remote.HttpCommandExecutor.execute(HttpCommandExecutor.java:158)
at org.openqa.selenium.remote.service.DriverCommandExecutor.execute(DriverCommandExecutor.java:83)
at org.openqa.selenium.remote.RemoteWebDriver.execute(RemoteWebDriver.java:552)
at org.openqa.selenium.remote.RemoteWebDriver.findElement(RemoteWebDriver.java:323)
at org.openqa.selenium.remote.RemoteWebDriver.findElementByXPath(RemoteWebDriver.java:428)
at org.openqa.selenium.By$ByXPath.findElement(By.java:353)
at org.openqa.selenium.remote.RemoteWebDriver.findElement(RemoteWebDriver.java:315)
at org.openqa.selenium.support.pagefactory.DefaultElementLocator.findElement(DefaultElementLocator.java:69)
at org.openqa.selenium.support.pagefactory.internal.LocatingElementHandler.invoke(LocatingElementHandler.java:38)
at jdk.proxy2/jdk.proxy2.$Proxy12.click(Unknown Source)
at org.action.CustomerListActions.cs48(CustomerListActions.java:756)
at org.test.CustomerListSetup.TC48(CustomerListSetup.java:440)
at java.base/jdk.internal.reflect.DirectMethodHandleAccessor.invoke(DirectMethodHandleAccessor.java:104)
at java.base/java.lang.reflect.Method.invoke(Method.java:578)
at org.testng.internal.MethodInvocationHelper.invokeMethod(MethodInvocationHelper.java:133)
at org.testng.internal.TestInvoker.invokeMethod(TestInvoker.java:598)
at org.testng.internal.TestInvoker.invokeTestMethod(TestInvoker.java:173)
at org.testng.internal.MethodRunner.runInSequence(MethodRunner.java:46)
at org.testng.internal.TestInvoker$MethodInvocationAgent.invoke(TestInvoker.java:824)
at org.testng.internal.TestInvoker.invokeTestMethods(TestInvoker.java:146)
at org.testng.internal.TestMethodWorker.invokeTestMethods(TestMethodWorker.java:146)
at org.testng.internal.TestMethodWorker.run(TestMethodWorker.java:128)
at java.base/java.util.ArrayList.forEach(ArrayList.java:1511)
at org.testng.TestRunner.privateRun(TestRunner.java:794)
at org.testng.TestRunner.run(TestRunner.java:596)
at org.testng.SuiteRunner.runTest(SuiteRunner.java:377)
at org.testng.SuiteRunner.runSequentially(SuiteRunner.java:371)
at org.testng.SuiteRunner.privateRun(SuiteRunner.java:332)
at org.testng.SuiteRunner.run(SuiteRunner.java:276)
at org.testng.SuiteRunnerWorker.runSuite(SuiteRunnerWorker.java:53)
at org.testng.SuiteRunnerWorker.run(SuiteRunnerWorker.java:96)
at org.testng.TestNG.runSuitesSequentially(TestNG.java:1212)
at org.testng.TestNG.runSuitesLocally(TestNG.java:1134)
at org.testng.TestNG.runSuites(TestNG.java:1063)
at org.testng.TestNG.run(TestNG.java:1031)
at org.testng.remote.AbstractRemoteTestNG.run(AbstractRemoteTestNG.java:115)
at org.testng.remote.RemoteTestNG.initAndRun(RemoteTestNG.java:251)
at org.testng.remote.RemoteTestNG.main(RemoteTestNG.java:77)
]]>
    </failure>
  </testcase> <!-- TC48 -->
  <testcase classname="org.test.CustomerListSetup" name="TC49" time="15.371"/>
  <testcase classname="org.test.CustomerListSetup" name="TC50" time="12.645"/>
  <testcase classname="org.test.CustomerListSetup" name="TC51" time="11.934"/>
  <testcase classname="org.test.CustomerListSetup" name="TC52" time="21.912"/>
  <testcase classname="org.test.CustomerListSetup" name="TC53" time="13.153"/>
  <testcase classname="org.test.CustomerListSetup" name="TC54" time="15.799"/>
  <testcase classname="org.test.CustomerSetup" name="TC01" time="11.057"/>
  <testcase classname="org.test.CustomerSetup" name="TC02" time="9.921"/>
  <testcase classname="org.test.CustomerSetup" name="TC03" time="9.907"/>
  <testcase classname="org.test.CustomerSetup" name="TC04" time="11.283"/>
  <testcase classname="org.test.CustomerSetup" name="TC05" time="9.555"/>
  <testcase classname="org.test.CustomerSetup" name="TC06" time="9.95"/>
  <testcase classname="org.test.CustomerSetup" name="TC07" time="10.622"/>
  <testcase classname="org.test.CustomerSetup" name="TC08" time="10.191"/>
  <testcase classname="org.test.CustomerSetup" name="TC09" time="11.024"/>
  <testcase classname="org.test.CustomerSetup" name="TC10" time="10.004"/>
  <testcase classname="org.test.CustomerSetup" name="TC11" time="9.714"/>
  <testcase classname="org.test.Entry" name="TC1" time="8.358"/>
  <testcase classname="org.test.Entry" name="TC2" time="1.069"/>
  <testcase classname="org.test.Entry" name="TC3" time="0.663"/>
  <testcase classname="org.test.Entry" name="TC4" time="0.594"/>
  <testcase classname="org.test.Entry" name="TC5" time="0.735"/>
  <testcase classname="org.test.Entry" name="TC6" time="0.666"/>
  <testcase classname="org.test.Entry" name="TC7" time="2.836"/>
  <testcase classname="org.test.Entry" name="TC8" time="7.23"/>
  <testcase classname="org.test.Entry" name="TC9" time="7.571"/>
  <testcase classname="org.test.Entry" name="TC10" time="1.923"/>
</testsuite> <!--  CGI Parallel test -->
