<?xml version="1.0" encoding="UTF-8"?>
<!-- Generated by org.testng.reporters.JUnitReportReporter -->
<testsuite hostname="SSSLT24" failures="0" tests="54" name="org.test.CustomerListSetup" time="1312.975" errors="2" timestamp="2023-04-20T13:26:42 IST" skipped="0">
  <testcase classname="org.test.CustomerListSetup" name="TC05" time="17.415"/>
  <system-out/>
  <testcase classname="org.test.CustomerListSetup" name="TC31" time="25.050"/>
  <system-out/>
  <testcase classname="org.test.CustomerListSetup" name="TC07" time="18.681"/>
  <system-out/>
  <testcase classname="org.test.CustomerListSetup" name="TC35" time="23.232"/>
  <system-out/>
  <testcase classname="org.test.CustomerListSetup" name="TC04" time="20.361"/>
  <system-out/>
  <testcase classname="org.test.CustomerListSetup" name="TC44" time="23.695"/>
  <system-out/>
  <testcase classname="org.test.CustomerListSetup" name="TC20" time="27.272"/>
  <system-out/>
  <testcase classname="org.test.CustomerListSetup" name="TC33" time="23.152"/>
  <system-out/>
  <testcase classname="org.test.CustomerListSetup" name="TC28" time="21.539"/>
  <system-out/>
  <testcase classname="org.test.CustomerListSetup" name="TC32" time="22.431"/>
  <system-out/>
  <testcase classname="org.test.CustomerListSetup" name="TC19" time="20.137"/>
  <system-out/>
  <testcase classname="org.test.CustomerListSetup" name="TC46" time="27.872"/>
  <system-out/>
  <testcase classname="org.test.CustomerListSetup" name="TC12" time="24.495"/>
  <system-out/>
  <testcase classname="org.test.CustomerListSetup" name="TC17" time="33.551"/>
  <system-out/>
  <testcase classname="org.test.CustomerListSetup" name="TC54" time="21.184"/>
  <system-out/>
  <testcase classname="org.test.CustomerListSetup" name="TC41" time="28.506"/>
  <system-out/>
  <testcase classname="org.test.CustomerListSetup" name="TC53" time="19.574"/>
  <system-out/>
  <testcase classname="org.test.CustomerListSetup" name="TC52" time="27.540"/>
  <system-out/>
  <testcase classname="org.test.CustomerListSetup" name="TC34" time="23.946"/>
  <system-out/>
  <testcase classname="org.test.CustomerListSetup" name="TC49" time="21.487"/>
  <system-out/>
  <testcase classname="org.test.CustomerListSetup" name="TC10" time="20.950"/>
  <system-out/>
  <testcase classname="org.test.CustomerListSetup" name="TC21" time="22.554"/>
  <system-out/>
  <testcase classname="org.test.CustomerListSetup" name="TC36" time="23.487"/>
  <system-out/>
  <testcase classname="org.test.CustomerListSetup" name="TC40" time="21.387"/>
  <system-out/>
  <testcase classname="org.test.CustomerListSetup" name="TC11" time="18.830"/>
  <system-out/>
  <testcase classname="org.test.CustomerListSetup" name="TC25" time="20.970"/>
  <system-out/>
  <testcase classname="org.test.CustomerListSetup" name="TC22" time="21.720"/>
  <system-out/>
  <testcase classname="org.test.CustomerListSetup" name="TC01" time="22.478"/>
  <system-out/>
  <testcase classname="org.test.CustomerListSetup" name="TC26" time="22.690"/>
  <system-out/>
  <testcase classname="org.test.CustomerListSetup" name="TC24" time="24.654"/>
  <system-out/>
  <testcase classname="org.test.CustomerListSetup" name="TC45" time="22.165"/>
  <system-out/>
  <testcase classname="org.test.CustomerListSetup" name="TC47" time="22.636"/>
  <system-out/>
  <testcase classname="org.test.CustomerListSetup" name="TC08" time="21.770"/>
  <system-out/>
  <testcase classname="org.test.CustomerListSetup" name="TC15" time="17.691"/>
  <system-out/>
  <testcase classname="org.test.CustomerListSetup" name="TC16" time="21.335"/>
  <system-out/>
  <testcase classname="org.test.CustomerListSetup" name="TC48" time="69.339">
    <error message="no such element: Unable to locate element: {&quot;method&quot;:&quot;xpath&quot;,&quot;selector&quot;:&quot;//input[@id=&quot;ContentPlaceHolder1_chkRobot&quot;]
&quot;}
  (Session info: chrome=112.0.5615.137)
For documentation on this error, please visit: https://www.seleniumhq.org/exceptions/no_such_element.html
Build info: version: &#039;3.141.59&#039;, revision: &#039;e82be7d358&#039;, time: &#039;2018-11-14T08:25:53&#039;
System info: host: &#039;SSSLT24&#039;, ip: &#039;192.168.1.92&#039;, os.name: &#039;Windows 11&#039;, os.arch: &#039;amd64&#039;, os.version: &#039;10.0&#039;, java.version: &#039;19.0.2&#039;
Driver info: org.openqa.selenium.chrome.ChromeDriver
Capabilities {acceptInsecureCerts: false, browserName: chrome, browserVersion: 112.0.5615.137, chrome: {chromedriverVersion: 112.0.5615.49 (bd2a7bcb881c..., userDataDir: C:\Program Files (x86)\scop...}, goog:chromeOptions: {debuggerAddress: localhost:58258}, javascriptEnabled: true, networkConnectionEnabled: false, pageLoadStrategy: normal, platform: WINDOWS, platformName: WINDOWS, proxy: Proxy(), setWindowRect: true, strictFileInteractability: false, timeouts: {implicit: 0, pageLoad: 300000, script: 30000}, unhandledPromptBehavior: dismiss and notify, webauthn:extension:credBlob: true, webauthn:extension:largeBlob: true, webauthn:extension:minPinLength: true, webauthn:extension:prf: true, webauthn:virtualAuthenticators: true}
Session ID: d472e1576b941728a557ab674e971f58
*** Element info: {Using=xpath, value=//input[@id=&quot;ContentPlaceHolder1_chkRobot&quot;]
}" type="org.openqa.selenium.NoSuchElementException">
      <![CDATA[org.openqa.selenium.NoSuchElementException: no such element: Unable to locate element: {"method":"xpath","selector":"//input[@id="ContentPlaceHolder1_chkRobot"]
"}
  (Session info: chrome=112.0.5615.137)
For documentation on this error, please visit: https://www.seleniumhq.org/exceptions/no_such_element.html
Build info: version: '3.141.59', revision: 'e82be7d358', time: '2018-11-14T08:25:53'
System info: host: 'SSSLT24', ip: '192.168.1.92', os.name: 'Windows 11', os.arch: 'amd64', os.version: '10.0', java.version: '19.0.2'
Driver info: org.openqa.selenium.chrome.ChromeDriver
Capabilities {acceptInsecureCerts: false, browserName: chrome, browserVersion: 112.0.5615.137, chrome: {chromedriverVersion: 112.0.5615.49 (bd2a7bcb881c..., userDataDir: C:\Program Files (x86)\scop...}, goog:chromeOptions: {debuggerAddress: localhost:58258}, javascriptEnabled: true, networkConnectionEnabled: false, pageLoadStrategy: normal, platform: WINDOWS, platformName: WINDOWS, proxy: Proxy(), setWindowRect: true, strictFileInteractability: false, timeouts: {implicit: 0, pageLoad: 300000, script: 30000}, unhandledPromptBehavior: dismiss and notify, webauthn:extension:credBlob: true, webauthn:extension:largeBlob: true, webauthn:extension:minPinLength: true, webauthn:extension:prf: true, webauthn:virtualAuthenticators: true}
Session ID: d472e1576b941728a557ab674e971f58
*** Element info: {Using=xpath, value=//input[@id="ContentPlaceHolder1_chkRobot"]
}
at java.base/jdk.internal.reflect.DirectConstructorHandleAccessor.newInstance(DirectConstructorHandleAccessor.java:67)
at java.base/java.lang.reflect.Constructor.newInstanceWithCaller(Constructor.java:500)
at java.base/java.lang.reflect.Constructor.newInstance(Constructor.java:484)
at org.openqa.selenium.remote.http.W3CHttpResponseCodec.createException(W3CHttpResponseCodec.java:187)
at org.openqa.selenium.remote.http.W3CHttpResponseCodec.decode(W3CHttpResponseCodec.java:122)
at org.openqa.selenium.remote.http.W3CHttpResponseCodec.decode(W3CHttpResponseCodec.java:49)
at org.openqa.selenium.remote.HttpCommandExecutor.execute(HttpCommandExecutor.java:158)
at org.openqa.selenium.remote.service.DriverCommandExecutor.execute(DriverCommandExecutor.java:83)
at org.openqa.selenium.remote.RemoteWebDriver.execute(RemoteWebDriver.java:552)
at org.openqa.selenium.remote.RemoteWebDriver.findElement(RemoteWebDriver.java:323)
at org.openqa.selenium.remote.RemoteWebDriver.findElementByXPath(RemoteWebDriver.java:428)
at org.openqa.selenium.By$ByXPath.findElement(By.java:353)
at org.openqa.selenium.remote.RemoteWebDriver.findElement(RemoteWebDriver.java:315)
at org.openqa.selenium.support.pagefactory.DefaultElementLocator.findElement(DefaultElementLocator.java:69)
at org.openqa.selenium.support.pagefactory.internal.LocatingElementHandler.invoke(LocatingElementHandler.java:38)
at jdk.proxy2/jdk.proxy2.$Proxy12.click(Unknown Source)
at org.action.CustomerListActions.cs48(CustomerListActions.java:756)
at org.test.CustomerListSetup.TC48(CustomerListSetup.java:440)
at java.base/jdk.internal.reflect.DirectMethodHandleAccessor.invoke(DirectMethodHandleAccessor.java:104)
at java.base/java.lang.reflect.Method.invoke(Method.java:578)
at org.testng.internal.MethodInvocationHelper.invokeMethod(MethodInvocationHelper.java:133)
at org.testng.internal.TestInvoker.invokeMethod(TestInvoker.java:598)
at org.testng.internal.TestInvoker.invokeTestMethod(TestInvoker.java:173)
at org.testng.internal.MethodRunner.runInSequence(MethodRunner.java:46)
at org.testng.internal.TestInvoker$MethodInvocationAgent.invoke(TestInvoker.java:824)
at org.testng.internal.TestInvoker.invokeTestMethods(TestInvoker.java:146)
at org.testng.internal.TestMethodWorker.invokeTestMethods(TestMethodWorker.java:146)
at org.testng.internal.TestMethodWorker.run(TestMethodWorker.java:128)
at java.base/java.util.ArrayList.forEach(ArrayList.java:1511)
at org.testng.TestRunner.privateRun(TestRunner.java:794)
at org.testng.TestRunner.run(TestRunner.java:596)
at org.testng.SuiteRunner.runTest(SuiteRunner.java:377)
at org.testng.SuiteRunner.runSequentially(SuiteRunner.java:371)
at org.testng.SuiteRunner.privateRun(SuiteRunner.java:332)
at org.testng.SuiteRunner.run(SuiteRunner.java:276)
at org.testng.SuiteRunnerWorker.runSuite(SuiteRunnerWorker.java:53)
at org.testng.SuiteRunnerWorker.run(SuiteRunnerWorker.java:96)
at org.testng.TestNG.runSuitesSequentially(TestNG.java:1212)
at org.testng.TestNG.runSuitesLocally(TestNG.java:1134)
at org.testng.TestNG.runSuites(TestNG.java:1063)
at org.testng.TestNG.run(TestNG.java:1031)
at org.testng.remote.AbstractRemoteTestNG.run(AbstractRemoteTestNG.java:115)
at org.testng.remote.RemoteTestNG.initAndRun(RemoteTestNG.java:251)
at org.testng.remote.RemoteTestNG.main(RemoteTestNG.java:77)
]]>
    </error>
  </testcase> <!-- TC48 -->
  <system-out/>
  <testcase classname="org.test.CustomerListSetup" name="TC02" time="18.813"/>
  <system-out/>
  <testcase classname="org.test.CustomerListSetup" name="TC30" time="24.249"/>
  <system-out/>
  <testcase classname="org.test.CustomerListSetup" name="TC38" time="25.492"/>
  <system-out/>
  <testcase classname="org.test.CustomerListSetup" name="TC43" time="25.453"/>
  <system-out/>
  <testcase classname="org.test.CustomerListSetup" name="TC51" time="17.284"/>
  <system-out/>
  <testcase classname="org.test.CustomerListSetup" name="TC03" time="18.141"/>
  <system-out/>
  <testcase classname="org.test.CustomerListSetup" name="TC14" time="23.081"/>
  <system-out/>
  <testcase classname="org.test.CustomerListSetup" name="TC37" time="24.540"/>
  <system-out/>
  <testcase classname="org.test.CustomerListSetup" name="TC27" time="23.398"/>
  <system-out/>
  <testcase classname="org.test.CustomerListSetup" name="TC06" time="18.039"/>
  <system-out/>
  <testcase classname="org.test.CustomerListSetup" name="TC29" time="26.163"/>
  <system-out/>
  <testcase classname="org.test.CustomerListSetup" name="TC23" time="25.601"/>
  <system-out/>
  <testcase classname="org.test.CustomerListSetup" name="TC18" time="19.980"/>
  <system-out/>
  <testcase classname="org.test.CustomerListSetup" name="TC39" time="22.087"/>
  <system-out/>
  <testcase classname="org.test.CustomerListSetup" name="TC13" time="21.567"/>
  <system-out/>
  <testcase classname="org.test.CustomerListSetup" name="TC42" time="73.651">
    <error message="element not interactable
  (Session info: chrome=112.0.5615.137)
Build info: version: &#039;3.141.59&#039;, revision: &#039;e82be7d358&#039;, time: &#039;2018-11-14T08:25:53&#039;
System info: host: &#039;SSSLT24&#039;, ip: &#039;192.168.1.92&#039;, os.name: &#039;Windows 11&#039;, os.arch: &#039;amd64&#039;, os.version: &#039;10.0&#039;, java.version: &#039;19.0.2&#039;
Driver info: org.openqa.selenium.chrome.ChromeDriver
Capabilities {acceptInsecureCerts: false, browserName: chrome, browserVersion: 112.0.5615.137, chrome: {chromedriverVersion: 112.0.5615.49 (bd2a7bcb881c..., userDataDir: C:\Program Files (x86)\scop...}, goog:chromeOptions: {debuggerAddress: localhost:57984}, javascriptEnabled: true, networkConnectionEnabled: false, pageLoadStrategy: normal, platform: WINDOWS, platformName: WINDOWS, proxy: Proxy(), setWindowRect: true, strictFileInteractability: false, timeouts: {implicit: 0, pageLoad: 300000, script: 30000}, unhandledPromptBehavior: dismiss and notify, webauthn:extension:credBlob: true, webauthn:extension:largeBlob: true, webauthn:extension:minPinLength: true, webauthn:extension:prf: true, webauthn:virtualAuthenticators: true}
Session ID: 9474cb3c871e0b55ff084f0c46128e68" type="org.openqa.selenium.ElementNotInteractableException">
      <![CDATA[org.openqa.selenium.ElementNotInteractableException: element not interactable
  (Session info: chrome=112.0.5615.137)
Build info: version: '3.141.59', revision: 'e82be7d358', time: '2018-11-14T08:25:53'
System info: host: 'SSSLT24', ip: '192.168.1.92', os.name: 'Windows 11', os.arch: 'amd64', os.version: '10.0', java.version: '19.0.2'
Driver info: org.openqa.selenium.chrome.ChromeDriver
Capabilities {acceptInsecureCerts: false, browserName: chrome, browserVersion: 112.0.5615.137, chrome: {chromedriverVersion: 112.0.5615.49 (bd2a7bcb881c..., userDataDir: C:\Program Files (x86)\scop...}, goog:chromeOptions: {debuggerAddress: localhost:57984}, javascriptEnabled: true, networkConnectionEnabled: false, pageLoadStrategy: normal, platform: WINDOWS, platformName: WINDOWS, proxy: Proxy(), setWindowRect: true, strictFileInteractability: false, timeouts: {implicit: 0, pageLoad: 300000, script: 30000}, unhandledPromptBehavior: dismiss and notify, webauthn:extension:credBlob: true, webauthn:extension:largeBlob: true, webauthn:extension:minPinLength: true, webauthn:extension:prf: true, webauthn:virtualAuthenticators: true}
Session ID: 9474cb3c871e0b55ff084f0c46128e68
at java.base/jdk.internal.reflect.DirectConstructorHandleAccessor.newInstance(DirectConstructorHandleAccessor.java:67)
at java.base/java.lang.reflect.Constructor.newInstanceWithCaller(Constructor.java:500)
at java.base/java.lang.reflect.Constructor.newInstance(Constructor.java:484)
at org.openqa.selenium.remote.http.W3CHttpResponseCodec.createException(W3CHttpResponseCodec.java:187)
at org.openqa.selenium.remote.http.W3CHttpResponseCodec.decode(W3CHttpResponseCodec.java:122)
at org.openqa.selenium.remote.http.W3CHttpResponseCodec.decode(W3CHttpResponseCodec.java:49)
at org.openqa.selenium.remote.HttpCommandExecutor.execute(HttpCommandExecutor.java:158)
at org.openqa.selenium.remote.service.DriverCommandExecutor.execute(DriverCommandExecutor.java:83)
at org.openqa.selenium.remote.RemoteWebDriver.execute(RemoteWebDriver.java:552)
at org.openqa.selenium.remote.RemoteWebElement.execute(RemoteWebElement.java:285)
at org.openqa.selenium.remote.RemoteWebElement.click(RemoteWebElement.java:84)
at java.base/jdk.internal.reflect.DirectMethodHandleAccessor.invoke(DirectMethodHandleAccessor.java:104)
at java.base/java.lang.reflect.Method.invoke(Method.java:578)
at org.openqa.selenium.support.pagefactory.internal.LocatingElementHandler.invoke(LocatingElementHandler.java:51)
at jdk.proxy2/jdk.proxy2.$Proxy12.click(Unknown Source)
at org.action.CustomerListActions.cs42(CustomerListActions.java:667)
at org.test.CustomerListSetup.TC42(CustomerListSetup.java:384)
at java.base/jdk.internal.reflect.DirectMethodHandleAccessor.invoke(DirectMethodHandleAccessor.java:104)
at java.base/java.lang.reflect.Method.invoke(Method.java:578)
at org.testng.internal.MethodInvocationHelper.invokeMethod(MethodInvocationHelper.java:133)
at org.testng.internal.TestInvoker.invokeMethod(TestInvoker.java:598)
at org.testng.internal.TestInvoker.invokeTestMethod(TestInvoker.java:173)
at org.testng.internal.MethodRunner.runInSequence(MethodRunner.java:46)
at org.testng.internal.TestInvoker$MethodInvocationAgent.invoke(TestInvoker.java:824)
at org.testng.internal.TestInvoker.invokeTestMethods(TestInvoker.java:146)
at org.testng.internal.TestMethodWorker.invokeTestMethods(TestMethodWorker.java:146)
at org.testng.internal.TestMethodWorker.run(TestMethodWorker.java:128)
at java.base/java.util.ArrayList.forEach(ArrayList.java:1511)
at org.testng.TestRunner.privateRun(TestRunner.java:794)
at org.testng.TestRunner.run(TestRunner.java:596)
at org.testng.SuiteRunner.runTest(SuiteRunner.java:377)
at org.testng.SuiteRunner.runSequentially(SuiteRunner.java:371)
at org.testng.SuiteRunner.privateRun(SuiteRunner.java:332)
at org.testng.SuiteRunner.run(SuiteRunner.java:276)
at org.testng.SuiteRunnerWorker.runSuite(SuiteRunnerWorker.java:53)
at org.testng.SuiteRunnerWorker.run(SuiteRunnerWorker.java:96)
at org.testng.TestNG.runSuitesSequentially(TestNG.java:1212)
at org.testng.TestNG.runSuitesLocally(TestNG.java:1134)
at org.testng.TestNG.runSuites(TestNG.java:1063)
at org.testng.TestNG.run(TestNG.java:1031)
at org.testng.remote.AbstractRemoteTestNG.run(AbstractRemoteTestNG.java:115)
at org.testng.remote.RemoteTestNG.initAndRun(RemoteTestNG.java:251)
at org.testng.remote.RemoteTestNG.main(RemoteTestNG.java:77)
]]>
    </error>
  </testcase> <!-- TC42 -->
  <system-out/>
  <testcase classname="org.test.CustomerListSetup" name="TC09" time="20.369"/>
  <system-out/>
  <testcase classname="org.test.CustomerListSetup" name="TC50" time="19.291"/>
  <system-out/>
</testsuite> <!-- org.test.CustomerListSetup -->
